DEBUG:urllib3.connectionpool:Starting new HTTPS connection (1): www.flipkart.com:443
DEBUG:urllib3.connectionpool:https://www.flipkart.com:443 "GET /search?q=samsung HTTP/1.1" 200 None
DEBUG:urllib3.connectionpool:Starting new HTTPS connection (1): www.flipkart.com:443
DEBUG:urllib3.connectionpool:https://www.flipkart.com:443 "GET /samsung-frame-138-cm-55-inch-qled-ultra-hd-4k-smart-tizen-tv-matte-display/p/itm12119185c681f?pid=TVSGE3FUGTZY4DVB&lid=LSTTVSGE3FUGTZY4DVBQJOV3C&marketplace=FLIPKART&q=samsung&store=search.flipkart.com&srno=s_1_1&otracker=search&fm=organic&iid=en_BkuvyfBzUXTov-GBiahABy-TIMbfixSllo1KOxuxnIArEAua0nLQkjxeHzHukHkHm8a5J9w4TgsLkWtDAqRkKA%3D%3D&ppt=None&ppn=None&ssid=n4fnehaeds0000001689856979929&qH=fe546279a62683de HTTP/1.1" 200 None
INFO:root:<built-in function strftime> : Product Name = SAMSUNG The Frame 138 cm (55 inch) QLED Ultra HD (4K) Smart Tizen TV with Matte Display  (QA55LS03BAKLXL)
INFO:root:<built-in function strftime> : Product Price = ₹86,990
INFO:root:<built-in function strftime> : 0. Product Highlights = Supported Apps:  Netflix|Prime Video|Disney+Hotstar|Youtube
INFO:root:<built-in function strftime> : 1. Product Highlights = Operating System: Tizen
INFO:root:<built-in function strftime> : 2. Product Highlights = Resolution: Ultra HD (4K) 3840 x 2160 Pixels
INFO:root:<built-in function strftime> : 3. Product Highlights = Sound Output: 40 W
INFO:root:<built-in function strftime> : 4. Product Highlights = Refresh Rate: 100 Hz
INFO:root:<built-in function strftime> : Product Rating = 4.2
INFO:root:<built-in function strftime> : Product User Rating = 5
INFO:root:<built-in function strftime> : Product User Review = Must buy!
INFO:root:<built-in function strftime> : Product User Rating = 5
INFO:root:<built-in function strftime> : Product User Review = Perfect tv
INFO:root:<built-in function strftime> : Product User Rating = 1
INFO:root:<built-in function strftime> : Product User Review = Worthless
INFO:root:<built-in function strftime> : Product User Rating = 5
INFO:root:<built-in function strftime> : Product User Review = Best in the market!
INFO:root:<built-in function strftime> : Product User Rating = 5
INFO:root:<built-in function strftime> : Product User Review = Fabulous!
INFO:root:<built-in function strftime> : Product User Rating = 5
INFO:root:<built-in function strftime> : Product User Review = The best 43 inch QLED in the market
INFO:root:<built-in function strftime> : Product User Rating = 5
INFO:root:<built-in function strftime> : Product User Review = Fabulous!
INFO:root:<built-in function strftime> : Product User Rating = 5
INFO:root:<built-in function strftime> : Product User Review = Great product
INFO:root:<built-in function strftime> : Product User Rating = 5
INFO:root:<built-in function strftime> : Product User Review = Terrific purchase
INFO:root:<built-in function strftime> : Product User Rating = 5
INFO:root:<built-in function strftime> : Product User Review = Wonderful
DEBUG:urllib3.connectionpool:Starting new HTTPS connection (1): www.flipkart.com:443
DEBUG:urllib3.connectionpool:https://www.flipkart.com:443 "GET /samsung-galaxy-f13-nightsky-green-64-gb/p/itmeadfda1bd23fa?pid=MOBGENJWF4KJTPEN&lid=LSTMOBGENJWF4KJTPENS2XJXA&marketplace=FLIPKART&q=samsung&store=search.flipkart.com&srno=s_1_5&otracker=search&fm=organic&iid=89cfaaa7-c490-4fa0-b837-9f3b5bf0d635.MOBGENJWF4KJTPEN.SEARCH&ppt=None&ppn=None&ssid=n4fnehaeds0000001689856979929&qH=fe546279a62683de HTTP/1.1" 200 None
INFO:root:<built-in function strftime> : Product Name = SAMSUNG Galaxy F13 (Nightsky Green, 64 GB)  (4 GB RAM)
INFO:root:<built-in function strftime> : Product Price = ₹10,999
INFO:root:<built-in function strftime> : 0. Product Highlights = 4 GB RAM | 64 GB ROM | Expandable Upto 1 TB
INFO:root:<built-in function strftime> : 1. Product Highlights = 16.76 cm (6.6 inch) Full HD+ Display
INFO:root:<built-in function strftime> : 2. Product Highlights = 50MP + 5MP + 2MP | 8MP Front Camera
INFO:root:<built-in function strftime> : 3. Product Highlights = 6000 mAh Lithium Ion Battery
INFO:root:<built-in function strftime> : 4. Product Highlights = Exynos 850 Processor
INFO:root:<built-in function strftime> : Product Rating = 4.3
INFO:root:<built-in function strftime> : Product User Rating = 5
INFO:root:<built-in function strftime> : Product User Review = Simply awesome
INFO:root:<built-in function strftime> : Product User Rating = 5
INFO:root:<built-in function strftime> : Product User Review = Worth every penny
INFO:root:<built-in function strftime> : Product User Rating = 5
INFO:root:<built-in function strftime> : Product User Review = Terrific purchase
INFO:root:<built-in function strftime> : Product User Rating = 5
INFO:root:<built-in function strftime> : Product User Review = Fabulous!
INFO:root:<built-in function strftime> : Product User Rating = 5
INFO:root:<built-in function strftime> : Product User Review = Awesome
INFO:root:<built-in function strftime> : Product User Rating = 4
INFO:root:<built-in function strftime> : Product User Review = Nice product
INFO:root:<built-in function strftime> : Product User Rating = 5
INFO:root:<built-in function strftime> : Product User Review = Worth every penny
INFO:root:<built-in function strftime> : Product User Rating = 5
INFO:root:<built-in function strftime> : Product User Review = Classy product
INFO:root:<built-in function strftime> : Product User Rating = 5
INFO:root:<built-in function strftime> : Product User Review = Simply awesome
INFO:root:<built-in function strftime> : Product User Rating = 5
INFO:root:<built-in function strftime> : Product User Review = Mind-blowing purchase
DEBUG:urllib3.connectionpool:Starting new HTTPS connection (1): www.flipkart.com:443
DEBUG:urllib3.connectionpool:https://www.flipkart.com:443 "GET /samsung-evo-plus-64-gb-microsdxc-class-10-130-mb-s-memory-card/p/itmf7c2fb2236ab1?pid=ACCG9NPXHEGZ2YK8&lid=LSTACCG9NPXHEGZ2YK81MI55U&marketplace=FLIPKART&q=samsung&store=search.flipkart.com&srno=s_1_9&otracker=search&fm=organic&iid=89cfaaa7-c490-4fa0-b837-9f3b5bf0d635.ACCG9NPXHEGZ2YK8.SEARCH&ppt=None&ppn=None&ssid=n4fnehaeds0000001689856979929&qH=fe546279a62683de HTTP/1.1" 200 None
INFO:root:<built-in function strftime> : Product Name = SAMSUNG Evo Plus 64 GB MicroSDXC Class 10 130 MB/s  Memory Card  (With Adapter)
INFO:root:<built-in function strftime> : Product Price = ₹455
INFO:root:<built-in function strftime> : 0. Product Highlights = For Camera, Computer, Gaming Console, Mobile, Tablet
INFO:root:<built-in function strftime> : 1. Product Highlights = Capacity: 64 GB
INFO:root:<built-in function strftime> : 2. Product Highlights = MicroSDXC
INFO:root:<built-in function strftime> : 3. Product Highlights = Class 10
INFO:root:<built-in function strftime> : 4. Product Highlights = Read Speed: 130 MB/s
INFO:root:<built-in function strftime> : Product Rating = 4.4
INFO:root:<built-in function strftime> : Product User Rating = 5
INFO:root:<built-in function strftime> : Product User Review = Super!
INFO:root:<built-in function strftime> : Product User Rating = 1
INFO:root:<built-in function strftime> : Product User Review = Unsatisfactory
INFO:root:<built-in function strftime> : Product User Rating = 5
INFO:root:<built-in function strftime> : Product User Review = Great product
INFO:root:<built-in function strftime> : Product User Rating = 5
INFO:root:<built-in function strftime> : Product User Review = Mind-blowing purchase
INFO:root:<built-in function strftime> : Product User Rating = 5
INFO:root:<built-in function strftime> : Product User Review = Fabulous!
INFO:root:<built-in function strftime> : Product User Rating = 1
INFO:root:<built-in function strftime> : Product User Review = Waste of money!
INFO:root:<built-in function strftime> : Product User Rating = 1
INFO:root:<built-in function strftime> : Product User Review = Not recommended at all
INFO:root:<built-in function strftime> : Product User Rating = 5
INFO:root:<built-in function strftime> : Product User Review = Just wow!
INFO:root:<built-in function strftime> : Product User Rating = 5
INFO:root:<built-in function strftime> : Product User Review = Great product
INFO:root:<built-in function strftime> : Product User Rating = 5
INFO:root:<built-in function strftime> : Product User Review = Wonderful
DEBUG:urllib3.connectionpool:Starting new HTTPS connection (1): www.flipkart.com:443
DEBUG:urllib3.connectionpool:https://www.flipkart.com:443 "GET /samsung-galaxy-f13-waterfall-blue-128-gb/p/itm85a305642eb7b?pid=MOBGENJWVWYAAVG5&lid=LSTMOBGENJWVWYAAVG5AKPCP0&marketplace=FLIPKART&q=samsung&store=search.flipkart.com&srno=s_1_13&otracker=search&fm=organic&iid=89cfaaa7-c490-4fa0-b837-9f3b5bf0d635.MOBGENJWVWYAAVG5.SEARCH&ppt=None&ppn=None&ssid=n4fnehaeds0000001689856979929&qH=fe546279a62683de HTTP/1.1" 200 None
INFO:root:<built-in function strftime> : Product Name = SAMSUNG Galaxy F13 (Waterfall Blue, 128 GB)  (4 GB RAM)
INFO:root:<built-in function strftime> : Product Price = ₹11,999
INFO:root:<built-in function strftime> : 0. Product Highlights = 4 GB RAM | 128 GB ROM | Expandable Upto 1 TB
INFO:root:<built-in function strftime> : 1. Product Highlights = 16.76 cm (6.6 inch) Full HD+ Display
INFO:root:<built-in function strftime> : 2. Product Highlights = 50MP + 5MP + 2MP | 8MP Front Camera
INFO:root:<built-in function strftime> : 3. Product Highlights = 6000 mAh Lithium Ion Battery
INFO:root:<built-in function strftime> : 4. Product Highlights = Exynos 850 Processor
INFO:root:<built-in function strftime> : Product Rating = 4.3
INFO:root:<built-in function strftime> : Product User Rating = 5
INFO:root:<built-in function strftime> : Product User Review = Simply awesome
INFO:root:<built-in function strftime> : Product User Rating = 5
INFO:root:<built-in function strftime> : Product User Review = Worth every penny
INFO:root:<built-in function strftime> : Product User Rating = 5
INFO:root:<built-in function strftime> : Product User Review = Terrific purchase
INFO:root:<built-in function strftime> : Product User Rating = 5
INFO:root:<built-in function strftime> : Product User Review = Fabulous!
INFO:root:<built-in function strftime> : Product User Rating = 5
INFO:root:<built-in function strftime> : Product User Review = Awesome
INFO:root:<built-in function strftime> : Product User Rating = 4
INFO:root:<built-in function strftime> : Product User Review = Nice product
INFO:root:<built-in function strftime> : Product User Rating = 5
INFO:root:<built-in function strftime> : Product User Review = Worth every penny
INFO:root:<built-in function strftime> : Product User Rating = 5
INFO:root:<built-in function strftime> : Product User Review = Classy product
INFO:root:<built-in function strftime> : Product User Rating = 5
INFO:root:<built-in function strftime> : Product User Review = Simply awesome
INFO:root:<built-in function strftime> : Product User Rating = 5
INFO:root:<built-in function strftime> : Product User Review = Mind-blowing purchase
DEBUG:urllib3.connectionpool:Starting new HTTPS connection (1): www.flipkart.com:443
DEBUG:urllib3.connectionpool:https://www.flipkart.com:443 "GET /samsung-6-kg-5-star-digital-inverter-motor-hygiene-steam-fully-automatic-front-load-washing-machine-in-built-heater-white/p/itm2ee8237807ed7?pid=WMNFP6FWBB4AMHYJ&lid=LSTWMNFP6FWBB4AMHYJVZX57N&marketplace=FLIPKART&q=samsung&store=search.flipkart.com&srno=s_1_17&otracker=search&fm=organic&iid=89cfaaa7-c490-4fa0-b837-9f3b5bf0d635.WMNFP6FWBB4AMHYJ.SEARCH&ppt=None&ppn=None&ssid=n4fnehaeds0000001689856979929&qH=fe546279a62683de HTTP/1.1" 200 None
INFO:root:<built-in function strftime> : Product Name = SAMSUNG 6 kg 5 star, Digital Inverter Motor, Hygiene Steam Fully Automatic Front Load Washing Machine with In-built Heater White  (WW60R20GLMA/TL)
INFO:root:<built-in function strftime> : Product Price = ₹23,490
INFO:root:<built-in function strftime> : 0. Product Highlights = Fully Automatic Front Load Washing Machines have Great Wash Quality with very less running cost
INFO:root:<built-in function strftime> : 1. Product Highlights = 1000 rpm  : Higher the spin speed, lower the drying time
INFO:root:<built-in function strftime> : 2. Product Highlights = 5 Star Rating
INFO:root:<built-in function strftime> : 3. Product Highlights = 6 kg
INFO:root:<built-in function strftime> : Product Rating = 4.4
INFO:root:<built-in function strftime> : Product User Rating = 5
INFO:root:<built-in function strftime> : Product User Review = Mind-blowing purchase
INFO:root:<built-in function strftime> : Product User Rating = 5
INFO:root:<built-in function strftime> : Product User Review = Worth every penny
INFO:root:<built-in function strftime> : Product User Rating = 5
INFO:root:<built-in function strftime> : Product User Review = Must buy!
INFO:root:<built-in function strftime> : Product User Rating = 4
INFO:root:<built-in function strftime> : Product User Review = Delightful
INFO:root:<built-in function strftime> : Product User Rating = 4
INFO:root:<built-in function strftime> : Product User Review = 1st impression is good
INFO:root:<built-in function strftime> : Product User Rating = 5
INFO:root:<built-in function strftime> : Product User Review = Best in the market!
INFO:root:<built-in function strftime> : Product User Rating = 5
INFO:root:<built-in function strftime> : Product User Review = Terrific purchase
INFO:root:<built-in function strftime> : Product User Rating = 5
INFO:root:<built-in function strftime> : Product User Review = value for money
INFO:root:<built-in function strftime> : Product User Rating = 5
INFO:root:<built-in function strftime> : Product User Review = Excellent
INFO:root:<built-in function strftime> : Product User Rating = 5
INFO:root:<built-in function strftime> : Product User Review = Fabulous!
DEBUG:urllib3.connectionpool:Starting new HTTPS connection (1): www.flipkart.com:443
DEBUG:urllib3.connectionpool:https://www.flipkart.com:443 "GET /samsung-galaxy-f13-sunrise-copper-128-gb/p/itm99a231fa8bbf6?pid=MOBGENJWHQZS6BKP&lid=LSTMOBGENJWHQZS6BKPURHHZJ&marketplace=FLIPKART&q=samsung&store=search.flipkart.com&srno=s_1_21&otracker=search&fm=organic&iid=89cfaaa7-c490-4fa0-b837-9f3b5bf0d635.MOBGENJWHQZS6BKP.SEARCH&ppt=None&ppn=None&ssid=n4fnehaeds0000001689856979929&qH=fe546279a62683de HTTP/1.1" 200 None
INFO:root:<built-in function strftime> : Product Name = SAMSUNG Galaxy F13 (Sunrise Copper, 128 GB)  (4 GB RAM)
INFO:root:<built-in function strftime> : Product Price = ₹11,999
INFO:root:<built-in function strftime> : 0. Product Highlights = 4 GB RAM | 128 GB ROM | Expandable Upto 1 TB
INFO:root:<built-in function strftime> : 1. Product Highlights = 16.76 cm (6.6 inch) Full HD+ Display
INFO:root:<built-in function strftime> : 2. Product Highlights = 50MP + 5MP + 2MP | 8MP Front Camera
INFO:root:<built-in function strftime> : 3. Product Highlights = 6000 mAh Lithium Ion Battery
INFO:root:<built-in function strftime> : 4. Product Highlights = Exynos 850 Processor
INFO:root:<built-in function strftime> : Product Rating = 4.3
INFO:root:<built-in function strftime> : Product User Rating = 5
INFO:root:<built-in function strftime> : Product User Review = Simply awesome
INFO:root:<built-in function strftime> : Product User Rating = 5
INFO:root:<built-in function strftime> : Product User Review = Worth every penny
INFO:root:<built-in function strftime> : Product User Rating = 5
INFO:root:<built-in function strftime> : Product User Review = Terrific purchase
INFO:root:<built-in function strftime> : Product User Rating = 5
INFO:root:<built-in function strftime> : Product User Review = Fabulous!
INFO:root:<built-in function strftime> : Product User Rating = 5
INFO:root:<built-in function strftime> : Product User Review = Awesome
INFO:root:<built-in function strftime> : Product User Rating = 4
INFO:root:<built-in function strftime> : Product User Review = Nice product
INFO:root:<built-in function strftime> : Product User Rating = 5
INFO:root:<built-in function strftime> : Product User Review = Worth every penny
INFO:root:<built-in function strftime> : Product User Rating = 5
INFO:root:<built-in function strftime> : Product User Review = Classy product
INFO:root:<built-in function strftime> : Product User Rating = 5
INFO:root:<built-in function strftime> : Product User Review = Simply awesome
INFO:root:<built-in function strftime> : Product User Rating = 5
INFO:root:<built-in function strftime> : Product User Review = Mind-blowing purchase
DEBUG:urllib3.connectionpool:Starting new HTTPS connection (1): www.flipkart.com:443
DEBUG:urllib3.connectionpool:https://www.flipkart.com:443 "GET /samsung-9-5-kg-5-star-air-turbo-drying-semi-automatic-top-load-washing-machine-black-grey/p/itm36b1e392cbcdd?pid=WMNGMNSJHFBBNRKV&lid=LSTWMNGMNSJHFBBNRKVCNQOKQ&marketplace=FLIPKART&q=samsung&store=search.flipkart.com&srno=s_1_25&otracker=search&fm=organic&iid=89cfaaa7-c490-4fa0-b837-9f3b5bf0d635.WMNGMNSJHFBBNRKV.SEARCH&ppt=None&ppn=None&ssid=n4fnehaeds0000001689856979929&qH=fe546279a62683de HTTP/1.1" 200 None
INFO:root:<built-in function strftime> : Product Name = SAMSUNG 9.5 kg 5 star,Air Turbo Drying, Semi Automatic Top Load Washing Machine Black, Grey  (WT95A4260GD/TL)
INFO:root:<built-in function strftime> : Product Price = ₹15,990
INFO:root:<built-in function strftime> : 0. Product Highlights = Semi Automatic Top Load
INFO:root:<built-in function strftime> : 1. Product Highlights = 1300 rpm  : Higher the spin speed, lower the drying time
INFO:root:<built-in function strftime> : 2. Product Highlights = Number of wash programs - 2
INFO:root:<built-in function strftime> : 3. Product Highlights = 5 Star Rating
INFO:root:<built-in function strftime> : 4. Product Highlights = 9.5 kg
INFO:root:<built-in function strftime> : Product Rating = 4.4
INFO:root:<built-in function strftime> : Product User Rating = 1
INFO:root:<built-in function strftime> : Product User Review = Did not meet expectations
INFO:root:<built-in function strftime> : Product User Rating = 5
INFO:root:<built-in function strftime> : Product User Review = Excellent
INFO:root:<built-in function strftime> : Product User Rating = 4
INFO:root:<built-in function strftime> : Product User Review = Wonderful
INFO:root:<built-in function strftime> : Product User Rating = 5
INFO:root:<built-in function strftime> : Product User Review = Fabulous!
INFO:root:<built-in function strftime> : Product User Rating = 5
INFO:root:<built-in function strftime> : Product User Review = Highly recommended
INFO:root:<built-in function strftime> : Product User Rating = 5
INFO:root:<built-in function strftime> : Product User Review = Terrific
INFO:root:<built-in function strftime> : Product User Rating = 4
INFO:root:<built-in function strftime> : Product User Review = Worth the money
INFO:root:<built-in function strftime> : Product User Rating = 5
INFO:root:<built-in function strftime> : Product User Review = Super!
INFO:root:<built-in function strftime> : Product User Rating = 5
INFO:root:<built-in function strftime> : Product User Review = Perfect product!
INFO:root:<built-in function strftime> : Product User Rating = 4
INFO:root:<built-in function strftime> : Product User Review = Pretty good
DEBUG:urllib3.connectionpool:Starting new HTTPS connection (1): www.flipkart.com:443
DEBUG:urllib3.connectionpool:https://www.flipkart.com:443 "GET /samsung-7-kg-5-star-air-turbo-drying-semi-automatic-top-load-washing-machine-grey-purple/p/itm5c2eea1d02979?pid=WMNGCYG9HQFBCUBJ&lid=LSTWMNGCYG9HQFBCUBJBAP2OM&marketplace=FLIPKART&q=samsung&store=search.flipkart.com&srno=s_1_29&otracker=search&fm=organic&iid=89cfaaa7-c490-4fa0-b837-9f3b5bf0d635.WMNGCYG9HQFBCUBJ.SEARCH&ppt=None&ppn=None&ssid=n4fnehaeds0000001689856979929&qH=fe546279a62683de HTTP/1.1" 200 None
INFO:root:<built-in function strftime> : Product Name = SAMSUNG 7 kg 5 star,Air Turbo Drying, Semi Automatic Top Load Washing Machine Grey, Purple  (WT70M3000UU/TL)
INFO:root:<built-in function strftime> : Product Price = ₹11,290
INFO:root:<built-in function strftime> : 0. Product Highlights = Semi Automatic Top Load
INFO:root:<built-in function strftime> : 1. Product Highlights = 1350 rpm  : Higher the spin speed, lower the drying time
INFO:root:<built-in function strftime> : 2. Product Highlights = Number of wash programs - 3
INFO:root:<built-in function strftime> : 3. Product Highlights = 5 Star Rating
INFO:root:<built-in function strftime> : 4. Product Highlights = 7 kg
INFO:root:<built-in function strftime> : Product Rating = 4.4
INFO:root:<built-in function strftime> : Product User Rating = 1
INFO:root:<built-in function strftime> : Product User Review = Did not meet expectations
INFO:root:<built-in function strftime> : Product User Rating = 5
INFO:root:<built-in function strftime> : Product User Review = Excellent
INFO:root:<built-in function strftime> : Product User Rating = 4
INFO:root:<built-in function strftime> : Product User Review = Wonderful
INFO:root:<built-in function strftime> : Product User Rating = 5
INFO:root:<built-in function strftime> : Product User Review = Fabulous!
INFO:root:<built-in function strftime> : Product User Rating = 5
INFO:root:<built-in function strftime> : Product User Review = Highly recommended
INFO:root:<built-in function strftime> : Product User Rating = 5
INFO:root:<built-in function strftime> : Product User Review = Terrific
INFO:root:<built-in function strftime> : Product User Rating = 4
INFO:root:<built-in function strftime> : Product User Review = Worth the money
INFO:root:<built-in function strftime> : Product User Rating = 5
INFO:root:<built-in function strftime> : Product User Review = Super!
INFO:root:<built-in function strftime> : Product User Rating = 5
INFO:root:<built-in function strftime> : Product User Review = Perfect product!
INFO:root:<built-in function strftime> : Product User Rating = 4
INFO:root:<built-in function strftime> : Product User Review = Pretty good
DEBUG:urllib3.connectionpool:Starting new HTTPS connection (1): www.flipkart.com:443
DEBUG:urllib3.connectionpool:https://www.flipkart.com:443 "GET /samsung-970-evo-plus-1-tb-laptop-desktop-internal-solid-state-drive-ssd-mz-v7s1t0bw/p/itm97ac2d30906ef?pid=IHDFRRBX9QQVCSAY&lid=LSTIHDFRRBX9QQVCSAY3UT2C1&marketplace=FLIPKART&q=samsung&store=search.flipkart.com&srno=s_1_33&otracker=search&fm=organic&iid=89cfaaa7-c490-4fa0-b837-9f3b5bf0d635.IHDFRRBX9QQVCSAY.SEARCH&ppt=None&ppn=None&ssid=n4fnehaeds0000001689856979929&qH=fe546279a62683de HTTP/1.1" 200 None
INFO:root:<built-in function strftime> : Product Name = SAMSUNG 970 EVO Plus 1 TB Laptop, Desktop Internal Solid State Drive (SSD) (MZ-V7S1T0BW)  (Interface: PCIe NVMe, Form Factor: M.2)
INFO:root:<built-in function strftime> : Product Price = ₹6,049
INFO:root:<built-in function strftime> : 0. Product Highlights = Type: SSD
INFO:root:<built-in function strftime> : 1. Product Highlights = Interface: PCIe NVMe
INFO:root:<built-in function strftime> : 2. Product Highlights = Form Factor: M.2
INFO:root:<built-in function strftime> : 3. Product Highlights = Capacity: 1 TB
INFO:root:<built-in function strftime> : 4. Product Highlights = Laptop, Desktop
INFO:root:<built-in function strftime> : Product Rating = 4.5
INFO:root:<built-in function strftime> : Product User Rating = 5
INFO:root:<built-in function strftime> : Product User Review = Excellent
INFO:root:<built-in function strftime> : Product User Rating = 5
INFO:root:<built-in function strftime> : Product User Review = Excellent
INFO:root:<built-in function strftime> : Product User Rating = 5
INFO:root:<built-in function strftime> : Product User Review = Simply awesome
INFO:root:<built-in function strftime> : Product User Rating = 5
INFO:root:<built-in function strftime> : Product User Review = Mind-blowing purchase
INFO:root:<built-in function strftime> : Product User Rating = 5
INFO:root:<built-in function strftime> : Product User Review = Must buy!
INFO:root:<built-in function strftime> : Product User Rating = 5
INFO:root:<built-in function strftime> : Product User Review = Worth every penny
INFO:root:<built-in function strftime> : Product User Rating = 5
INFO:root:<built-in function strftime> : Product User Review = Awesome
INFO:root:<built-in function strftime> : Product User Rating = 4
INFO:root:<built-in function strftime> : Product User Review = Nice product
INFO:root:<built-in function strftime> : Product User Rating = 5
INFO:root:<built-in function strftime> : Product User Review = Wonderful
INFO:root:<built-in function strftime> : Product User Rating = 4
INFO:root:<built-in function strftime> : Product User Review = Nice product
DEBUG:urllib3.connectionpool:Starting new HTTPS connection (1): www.flipkart.com:443
DEBUG:urllib3.connectionpool:https://www.flipkart.com:443 "GET /samsung-22-inch-full-hd-led-backlit-va-panel-54-48-cm-monitor-ls22a33anhwxxl/p/itm7c751114e03ae?pid=MONGK9WHZVZMWRZH&lid=LSTMONGK9WHZVZMWRZHCC2MQ9&marketplace=FLIPKART&q=samsung&store=search.flipkart.com&srno=s_1_37&otracker=search&fm=organic&iid=89cfaaa7-c490-4fa0-b837-9f3b5bf0d635.MONGK9WHZVZMWRZH.SEARCH&ppt=None&ppn=None&ssid=n4fnehaeds0000001689856979929&qH=fe546279a62683de HTTP/1.1" 200 None
INFO:root:<built-in function strftime> : Product Name = SAMSUNG 22 inch Full HD LED Backlit VA Panel (54.48 cm) Monitor (LS22A33ANHWXXL)  (Response Time: 5 ms, 60 Hz Refresh Rate)
INFO:root:<built-in function strftime> : Product Price = ₹6,899
INFO:root:<built-in function strftime> : 0. Product Highlights = Panel Type: VA Panel
INFO:root:<built-in function strftime> : 1. Product Highlights = Screen Resolution Type: Full HD
INFO:root:<built-in function strftime> : 2. Product Highlights = HDMI
INFO:root:<built-in function strftime> : 3. Product Highlights = Brightness: 250 nits
INFO:root:<built-in function strftime> : 4. Product Highlights = Response Time: 5 ms | Refresh Rate: 60 Hz
INFO:root:<built-in function strftime> : 5. Product Highlights = HDMI Ports - 1
INFO:root:<built-in function strftime> : Product Rating = 4.3
INFO:root:<built-in function strftime> : Product User Rating = 5
INFO:root:<built-in function strftime> : Product User Review = Excellent
INFO:root:<built-in function strftime> : Product User Rating = 5
INFO:root:<built-in function strftime> : Product User Review = Best in the market!
INFO:root:<built-in function strftime> : Product User Rating = 4
INFO:root:<built-in function strftime> : Product User Review = Value-for-money
INFO:root:<built-in function strftime> : Product User Rating = 4
INFO:root:<built-in function strftime> : Product User Review = Wonderful
INFO:root:<built-in function strftime> : Product User Rating = 5
INFO:root:<built-in function strftime> : Product User Review = Highly recommended
INFO:root:<built-in function strftime> : Product User Rating = 5
INFO:root:<built-in function strftime> : Product User Review = Excellent
INFO:root:<built-in function strftime> : Product User Rating = 5
INFO:root:<built-in function strftime> : Product User Review = Highly recommended
INFO:root:<built-in function strftime> : Product User Rating = 4
INFO:root:<built-in function strftime> : Product User Review = Nice product
INFO:root:<built-in function strftime> : Product User Rating = 4
INFO:root:<built-in function strftime> : Product User Review = Nice product
INFO:root:<built-in function strftime> : Product User Rating = 5
INFO:root:<built-in function strftime> : Product User Review = Wonderful
