DEBUG:urllib3.connectionpool:Starting new HTTPS connection (1): www.flipkart.com:443
DEBUG:urllib3.connectionpool:https://www.flipkart.com:443 "GET /search?q=samsung HTTP/1.1" 200 None
DEBUG:urllib3.connectionpool:Starting new HTTPS connection (1): www.flipkart.com:443
DEBUG:urllib3.connectionpool:https://www.flipkart.com:443 "GET /samsung-frame-138-cm-55-inch-qled-ultra-hd-4k-smart-tizen-tv-matte-display/p/itm12119185c681f?pid=TVSGE3FUGTZY4DVB&lid=LSTTVSGE3FUGTZY4DVBQJOV3C&marketplace=FLIPKART&q=samsung&store=search.flipkart.com&srno=s_1_1&otracker=search&fm=organic&iid=en_dQLgIu6Wnx_9QbMW-OQFlkm_u2mez7g9ESAwzwnTaUjfiqncJGrweVwAE4j3vIDfm8a5J9w4TgsLkWtDAqRkKA%3D%3D&ppt=None&ppn=None&ssid=x6yadlzwr40000001689855915211&qH=fe546279a62683de HTTP/1.1" 200 None
INFO:root:<built-in function strftime> : Product Name = SAMSUNG The Frame 138 cm (55 inch) QLED Ultra HD (4K) Smart Tizen TV with Matte Display  (QA55LS03BAKLXL)
INFO:root:<built-in function strftime> : Product Price = ₹86,990
INFO:root:<built-in function strftime> : 0. Product Highlights = Supported Apps:  Netflix|Prime Video|Disney+Hotstar|Youtube
INFO:root:<built-in function strftime> : 1. Product Highlights = Operating System: Tizen
INFO:root:<built-in function strftime> : 2. Product Highlights = Resolution: Ultra HD (4K) 3840 x 2160 Pixels
INFO:root:<built-in function strftime> : 3. Product Highlights = Sound Output: 40 W
INFO:root:<built-in function strftime> : 4. Product Highlights = Refresh Rate: 100 Hz
INFO:root:<built-in function strftime> : Product Rating = 4.2
INFO:root:<built-in function strftime> : Product User Rating = 5
INFO:root:<built-in function strftime> : Product User Review = Must buy!
INFO:root:<built-in function strftime> : Product User Rating = 5
INFO:root:<built-in function strftime> : Product User Review = Perfect tv
INFO:root:<built-in function strftime> : Product User Rating = 1
INFO:root:<built-in function strftime> : Product User Review = Worthless
INFO:root:<built-in function strftime> : Product User Rating = 5
INFO:root:<built-in function strftime> : Product User Review = Best in the market!
INFO:root:<built-in function strftime> : Product User Rating = 5
INFO:root:<built-in function strftime> : Product User Review = Fabulous!
INFO:root:<built-in function strftime> : Product User Rating = 5
INFO:root:<built-in function strftime> : Product User Review = The best 43 inch QLED in the market
INFO:root:<built-in function strftime> : Product User Rating = 5
INFO:root:<built-in function strftime> : Product User Review = Fabulous!
INFO:root:<built-in function strftime> : Product User Rating = 5
INFO:root:<built-in function strftime> : Product User Review = Great product
INFO:root:<built-in function strftime> : Product User Rating = 5
INFO:root:<built-in function strftime> : Product User Review = Terrific purchase
INFO:root:<built-in function strftime> : Product User Rating = 5
INFO:root:<built-in function strftime> : Product User Review = Wonderful
DEBUG:urllib3.connectionpool:Starting new HTTPS connection (1): www.flipkart.com:443
DEBUG:urllib3.connectionpool:https://www.flipkart.com:443 "GET /samsung-galaxy-f13-nightsky-green-64-gb/p/itmeadfda1bd23fa?pid=MOBGENJWF4KJTPEN&lid=LSTMOBGENJWF4KJTPENS2XJXA&marketplace=FLIPKART&q=samsung&store=search.flipkart.com&srno=s_1_5&otracker=search&fm=organic&iid=ee831d43-65cf-4c2f-a340-5b9583eec8ae.MOBGENJWF4KJTPEN.SEARCH&ppt=None&ppn=None&ssid=x6yadlzwr40000001689855915211&qH=fe546279a62683de HTTP/1.1" 200 None
INFO:root:<built-in function strftime> : Product Name = SAMSUNG Galaxy F13 (Nightsky Green, 64 GB)  (4 GB RAM)
INFO:root:<built-in function strftime> : Product Price = ₹11,390
INFO:root:<built-in function strftime> : 0. Product Highlights = 4 GB RAM | 64 GB ROM | Expandable Upto 1 TB
INFO:root:<built-in function strftime> : 1. Product Highlights = 16.76 cm (6.6 inch) Full HD+ Display
INFO:root:<built-in function strftime> : 2. Product Highlights = 50MP + 5MP + 2MP | 8MP Front Camera
INFO:root:<built-in function strftime> : 3. Product Highlights = 6000 mAh Lithium Ion Battery
INFO:root:<built-in function strftime> : 4. Product Highlights = Exynos 850 Processor
INFO:root:<built-in function strftime> : Product Rating = 4.3
INFO:root:<built-in function strftime> : Product User Rating = 5
INFO:root:<built-in function strftime> : Product User Review = Simply awesome
INFO:root:<built-in function strftime> : Product User Rating = 5
INFO:root:<built-in function strftime> : Product User Review = Worth every penny
INFO:root:<built-in function strftime> : Product User Rating = 5
INFO:root:<built-in function strftime> : Product User Review = Terrific purchase
INFO:root:<built-in function strftime> : Product User Rating = 5
INFO:root:<built-in function strftime> : Product User Review = Fabulous!
INFO:root:<built-in function strftime> : Product User Rating = 5
INFO:root:<built-in function strftime> : Product User Review = Awesome
INFO:root:<built-in function strftime> : Product User Rating = 4
INFO:root:<built-in function strftime> : Product User Review = Nice product
INFO:root:<built-in function strftime> : Product User Rating = 5
INFO:root:<built-in function strftime> : Product User Review = Worth every penny
INFO:root:<built-in function strftime> : Product User Rating = 5
INFO:root:<built-in function strftime> : Product User Review = Classy product
INFO:root:<built-in function strftime> : Product User Rating = 5
INFO:root:<built-in function strftime> : Product User Review = Simply awesome
INFO:root:<built-in function strftime> : Product User Rating = 5
INFO:root:<built-in function strftime> : Product User Review = Mind-blowing purchase
DEBUG:urllib3.connectionpool:Starting new HTTPS connection (1): www.flipkart.com:443
DEBUG:urllib3.connectionpool:https://www.flipkart.com:443 "GET /samsung-evo-plus-64-gb-microsdxc-class-10-130-mb-s-memory-card/p/itmf7c2fb2236ab1?pid=ACCG9NPXHEGZ2YK8&lid=LSTACCG9NPXHEGZ2YK81MI55U&marketplace=FLIPKART&q=samsung&store=search.flipkart.com&srno=s_1_9&otracker=search&fm=organic&iid=ee831d43-65cf-4c2f-a340-5b9583eec8ae.ACCG9NPXHEGZ2YK8.SEARCH&ppt=None&ppn=None&ssid=x6yadlzwr40000001689855915211&qH=fe546279a62683de HTTP/1.1" 200 None
INFO:root:<built-in function strftime> : Product Name = SAMSUNG Evo Plus 64 GB MicroSDXC Class 10 130 MB/s  Memory Card  (With Adapter)
INFO:root:<built-in function strftime> : Product Price = ₹455
INFO:root:<built-in function strftime> : 0. Product Highlights = For Camera, Computer, Gaming Console, Mobile, Tablet
INFO:root:<built-in function strftime> : 1. Product Highlights = Capacity: 64 GB
INFO:root:<built-in function strftime> : 2. Product Highlights = MicroSDXC
INFO:root:<built-in function strftime> : 3. Product Highlights = Class 10
INFO:root:<built-in function strftime> : 4. Product Highlights = Read Speed: 130 MB/s
INFO:root:<built-in function strftime> : Product Rating = 4.4
INFO:root:<built-in function strftime> : Product User Rating = 5
INFO:root:<built-in function strftime> : Product User Review = Super!
INFO:root:<built-in function strftime> : Product User Rating = 1
INFO:root:<built-in function strftime> : Product User Review = Unsatisfactory
INFO:root:<built-in function strftime> : Product User Rating = 5
INFO:root:<built-in function strftime> : Product User Review = Great product
INFO:root:<built-in function strftime> : Product User Rating = 5
INFO:root:<built-in function strftime> : Product User Review = Mind-blowing purchase
INFO:root:<built-in function strftime> : Product User Rating = 5
INFO:root:<built-in function strftime> : Product User Review = Fabulous!
INFO:root:<built-in function strftime> : Product User Rating = 1
INFO:root:<built-in function strftime> : Product User Review = Waste of money!
INFO:root:<built-in function strftime> : Product User Rating = 1
INFO:root:<built-in function strftime> : Product User Review = Not recommended at all
INFO:root:<built-in function strftime> : Product User Rating = 5
INFO:root:<built-in function strftime> : Product User Review = Just wow!
INFO:root:<built-in function strftime> : Product User Rating = 5
INFO:root:<built-in function strftime> : Product User Review = Great product
INFO:root:<built-in function strftime> : Product User Rating = 5
INFO:root:<built-in function strftime> : Product User Review = Wonderful
DEBUG:urllib3.connectionpool:Starting new HTTPS connection (1): www.flipkart.com:443
DEBUG:urllib3.connectionpool:https://www.flipkart.com:443 "GET /samsung-evo-plus-256-gb-microsdxc-class-10-130-mb-s-memory-card/p/itm18c4bd708383a?pid=ACCG9NPXH6VNHKQK&lid=LSTACCG9NPXH6VNHKQKVBIT0T&marketplace=FLIPKART&q=samsung&store=search.flipkart.com&srno=s_1_13&otracker=search&fm=organic&iid=ee831d43-65cf-4c2f-a340-5b9583eec8ae.ACCG9NPXH6VNHKQK.SEARCH&ppt=None&ppn=None&ssid=x6yadlzwr40000001689855915211&qH=fe546279a62683de HTTP/1.1" 200 None
INFO:root:<built-in function strftime> : Product Name = SAMSUNG Evo Plus 256 GB MicroSDXC Class 10 130 MB/s  Memory Card  (With Adapter)
INFO:root:<built-in function strftime> : Product Price = ₹1,529
INFO:root:<built-in function strftime> : 0. Product Highlights = For Camera, Computer, Gaming Console, Mobile, Tablet
INFO:root:<built-in function strftime> : 1. Product Highlights = Capacity: 256 GB
INFO:root:<built-in function strftime> : 2. Product Highlights = MicroSDXC
INFO:root:<built-in function strftime> : 3. Product Highlights = Class 10
INFO:root:<built-in function strftime> : 4. Product Highlights = Read Speed: 130 MB/s
INFO:root:<built-in function strftime> : Product Rating = 4.4
INFO:root:<built-in function strftime> : Product User Rating = 5
INFO:root:<built-in function strftime> : Product User Review = Super!
INFO:root:<built-in function strftime> : Product User Rating = 1
INFO:root:<built-in function strftime> : Product User Review = Unsatisfactory
INFO:root:<built-in function strftime> : Product User Rating = 5
INFO:root:<built-in function strftime> : Product User Review = Great product
INFO:root:<built-in function strftime> : Product User Rating = 5
INFO:root:<built-in function strftime> : Product User Review = Mind-blowing purchase
INFO:root:<built-in function strftime> : Product User Rating = 5
INFO:root:<built-in function strftime> : Product User Review = Fabulous!
INFO:root:<built-in function strftime> : Product User Rating = 1
INFO:root:<built-in function strftime> : Product User Review = Waste of money!
INFO:root:<built-in function strftime> : Product User Rating = 1
INFO:root:<built-in function strftime> : Product User Review = Not recommended at all
INFO:root:<built-in function strftime> : Product User Rating = 5
INFO:root:<built-in function strftime> : Product User Review = Just wow!
INFO:root:<built-in function strftime> : Product User Rating = 5
INFO:root:<built-in function strftime> : Product User Review = Great product
INFO:root:<built-in function strftime> : Product User Rating = 5
INFO:root:<built-in function strftime> : Product User Review = Wonderful
DEBUG:urllib3.connectionpool:Starting new HTTPS connection (1): www.flipkart.com:443
DEBUG:urllib3.connectionpool:https://www.flipkart.com:443 "GET /samsung-970-evo-plus-500-gb-laptop-desktop-internal-solid-state-drive-ssd-mz-v7s500bw/p/itm7d06eb5691ea4?pid=IHDFRRBXFB9RZ8GS&lid=LSTIHDFRRBXFB9RZ8GSYK2KE3&marketplace=FLIPKART&q=samsung&store=search.flipkart.com&srno=s_1_17&otracker=search&fm=organic&iid=ee831d43-65cf-4c2f-a340-5b9583eec8ae.IHDFRRBXFB9RZ8GS.SEARCH&ppt=None&ppn=None&ssid=x6yadlzwr40000001689855915211&qH=fe546279a62683de HTTP/1.1" 200 None
INFO:root:<built-in function strftime> : Product Name = SAMSUNG 970 EVO Plus 500 GB Laptop, Desktop Internal Solid State Drive (SSD) (MZ-V7S500BW)  (Interface: PCIe NVMe, Form Factor: M.2)
INFO:root:<built-in function strftime> : Product Price = ₹3,299
INFO:root:<built-in function strftime> : 0. Product Highlights = Type: SSD
INFO:root:<built-in function strftime> : 1. Product Highlights = Interface: PCIe NVMe
INFO:root:<built-in function strftime> : 2. Product Highlights = Form Factor: M.2
INFO:root:<built-in function strftime> : 3. Product Highlights = Capacity: 500 GB
INFO:root:<built-in function strftime> : 4. Product Highlights = Laptop, Desktop
INFO:root:<built-in function strftime> : Product Rating = 4.5
INFO:root:<built-in function strftime> : Product User Rating = 5
INFO:root:<built-in function strftime> : Product User Review = Mind-blowing purchase
INFO:root:<built-in function strftime> : Product User Rating = 5
INFO:root:<built-in function strftime> : Product User Review = Excellent
INFO:root:<built-in function strftime> : Product User Rating = 4
INFO:root:<built-in function strftime> : Product User Review = Nice product
INFO:root:<built-in function strftime> : Product User Rating = 5
INFO:root:<built-in function strftime> : Product User Review = Terrific purchase
INFO:root:<built-in function strftime> : Product User Rating = 5
INFO:root:<built-in function strftime> : Product User Review = Must buy!
INFO:root:<built-in function strftime> : Product User Rating = 5
INFO:root:<built-in function strftime> : Product User Review = Must buy!
INFO:root:<built-in function strftime> : Product User Rating = 4
INFO:root:<built-in function strftime> : Product User Review = Worth the money
INFO:root:<built-in function strftime> : Product User Rating = 4
INFO:root:<built-in function strftime> : Product User Review = Working fine
INFO:root:<built-in function strftime> : Product User Rating = 5
INFO:root:<built-in function strftime> : Product User Review = Simply awesome
INFO:root:<built-in function strftime> : Product User Rating = 5
INFO:root:<built-in function strftime> : Product User Review = Awesome
DEBUG:urllib3.connectionpool:Starting new HTTPS connection (1): www.flipkart.com:443
DEBUG:urllib3.connectionpool:https://www.flipkart.com:443 "GET /samsung-7-5-kg-5-star-air-turbo-drying-semi-automatic-top-load-washing-machine-blue-grey/p/itmecde21cc327fa?pid=WMNGGSK86PGTMGHX&lid=LSTWMNGGSK86PGTMGHXJZ3Y6L&marketplace=FLIPKART&q=samsung&store=search.flipkart.com&srno=s_1_21&otracker=search&fm=organic&iid=ee831d43-65cf-4c2f-a340-5b9583eec8ae.WMNGGSK86PGTMGHX.SEARCH&ppt=None&ppn=None&ssid=x6yadlzwr40000001689855915211&qH=fe546279a62683de HTTP/1.1" 200 None
INFO:root:<built-in function strftime> : Product Name = SAMSUNG 7.5 kg 5 star,Air Turbo Drying, Semi Automatic Top Load Washing Machine Blue, Grey  (WT75M3200LL/TL)
INFO:root:<built-in function strftime> : Product Price = ₹11,990
INFO:root:<built-in function strftime> : 0. Product Highlights = Semi Automatic Top Load
INFO:root:<built-in function strftime> : 1. Product Highlights = 1300 rpm  : Higher the spin speed, lower the drying time
INFO:root:<built-in function strftime> : 2. Product Highlights = 5 Star Rating
INFO:root:<built-in function strftime> : 3. Product Highlights = 7.5 kg
INFO:root:<built-in function strftime> : Product Rating = 4.4
INFO:root:<built-in function strftime> : Product User Rating = 1
INFO:root:<built-in function strftime> : Product User Review = Did not meet expectations
INFO:root:<built-in function strftime> : Product User Rating = 5
INFO:root:<built-in function strftime> : Product User Review = Excellent
INFO:root:<built-in function strftime> : Product User Rating = 4
INFO:root:<built-in function strftime> : Product User Review = Wonderful
INFO:root:<built-in function strftime> : Product User Rating = 5
INFO:root:<built-in function strftime> : Product User Review = Fabulous!
INFO:root:<built-in function strftime> : Product User Rating = 5
INFO:root:<built-in function strftime> : Product User Review = Highly recommended
INFO:root:<built-in function strftime> : Product User Rating = 5
INFO:root:<built-in function strftime> : Product User Review = Terrific
INFO:root:<built-in function strftime> : Product User Rating = 4
INFO:root:<built-in function strftime> : Product User Review = Worth the money
INFO:root:<built-in function strftime> : Product User Rating = 5
INFO:root:<built-in function strftime> : Product User Review = Super!
INFO:root:<built-in function strftime> : Product User Rating = 5
INFO:root:<built-in function strftime> : Product User Review = Perfect product!
INFO:root:<built-in function strftime> : Product User Rating = 4
INFO:root:<built-in function strftime> : Product User Review = Pretty good
DEBUG:urllib3.connectionpool:Starting new HTTPS connection (1): www.flipkart.com:443
DEBUG:urllib3.connectionpool:https://www.flipkart.com:443 "GET /samsung-24-inch-full-hd-led-backlit-ips-panel-3-sided-borderless-display-game-free-sync-mode-eye-saver-mode-flicker-monitor-ls24c310eawxxl-lf24t350fhwxxl/p/itm57a80d5c9cb0f?pid=MONFYGGACKSJX4MS&lid=LSTMONFYGGACKSJX4MSSUIOO3&marketplace=FLIPKART&q=samsung&store=search.flipkart.com&srno=s_1_25&otracker=search&fm=organic&iid=ee831d43-65cf-4c2f-a340-5b9583eec8ae.MONFYGGACKSJX4MS.SEARCH&ppt=None&ppn=None&ssid=x6yadlzwr40000001689855915211&qH=fe546279a62683de HTTP/1.1" 200 None
INFO:root:<built-in function strftime> : Product Name = SAMSUNG 24 inch Full HD LED Backlit IPS Panel with 3-Sided Borderless Display, Game & Free Sync Mode, Eye Saver Mode & Flicker Free Monitor (LS24C310EAWXXL/LF24T350FHWXXL)  (AMD Free Sync, Response Time: 5 ms, 75 Hz Refresh Rate)
INFO:root:<built-in function strftime> : Product Price = ₹9,399
INFO:root:<built-in function strftime> : 0. Product Highlights = Panel Type: IPS Panel
INFO:root:<built-in function strftime> : 1. Product Highlights = Screen Resolution Type: Full HD
INFO:root:<built-in function strftime> : 2. Product Highlights = Brightness: 250 nits
INFO:root:<built-in function strftime> : 3. Product Highlights = Response Time: 5 ms | Refresh Rate: 75 Hz
INFO:root:<built-in function strftime> : 4. Product Highlights = HDMI Ports - 1
INFO:root:<built-in function strftime> : Product Rating = 4.4
INFO:root:<built-in function strftime> : Product User Rating = 4
INFO:root:<built-in function strftime> : Product User Review = Wonderful
INFO:root:<built-in function strftime> : Product User Rating = 5
INFO:root:<built-in function strftime> : Product User Review = Highly recommended
INFO:root:<built-in function strftime> : Product User Rating = 5
INFO:root:<built-in function strftime> : Product User Review = Classy product
INFO:root:<built-in function strftime> : Product User Rating = 5
INFO:root:<built-in function strftime> : Product User Review = Brilliant
INFO:root:<built-in function strftime> : Product User Rating = 5
INFO:root:<built-in function strftime> : Product User Review = Just wow!
INFO:root:<built-in function strftime> : Product User Rating = 4
INFO:root:<built-in function strftime> : Product User Review = Very Good
INFO:root:<built-in function strftime> : Product User Rating = 4
INFO:root:<built-in function strftime> : Product User Review = Value-for-money
INFO:root:<built-in function strftime> : Product User Rating = 5
INFO:root:<built-in function strftime> : Product User Review = Just wow!
INFO:root:<built-in function strftime> : Product User Rating = 5
INFO:root:<built-in function strftime> : Product User Review = Simply awesome
INFO:root:<built-in function strftime> : Product User Rating = 5
INFO:root:<built-in function strftime> : Product User Review = Just wow!
DEBUG:urllib3.connectionpool:Starting new HTTPS connection (1): www.flipkart.com:443
DEBUG:urllib3.connectionpool:https://www.flipkart.com:443 "GET /samsung-183-l-direct-cool-single-door-2-star-refrigerator-digital-inverter/p/itm01ba3da3afab5?pid=RFRGHJPXGWAWH576&lid=LSTRFRGHJPXGWAWH576FFVK9X&marketplace=FLIPKART&q=samsung&store=search.flipkart.com&srno=s_1_29&otracker=search&fm=organic&iid=ee831d43-65cf-4c2f-a340-5b9583eec8ae.RFRGHJPXGWAWH576.SEARCH&ppt=None&ppn=None&ssid=x6yadlzwr40000001689855915211&qH=fe546279a62683de HTTP/1.1" 200 None
INFO:root:<built-in function strftime> : Product Name = SAMSUNG 183 L Direct Cool Single Door 2 Star Refrigerator  with Digital Inverter  (Gray Silver, RR20C2412GS/NL)
INFO:root:<built-in function strftime> : Product Price = ₹13,790
INFO:root:<built-in function strftime> : 0. Product Highlights = 183 L : Good for couples and small families
INFO:root:<built-in function strftime> : 1. Product Highlights = Digital Inverter Compressor
INFO:root:<built-in function strftime> : 2. Product Highlights = 2 Star : For Energy savings up to 20%
INFO:root:<built-in function strftime> : 3. Product Highlights = Direct Cool : Economical, consumes less electricity, requires manual defrosting
INFO:root:<built-in function strftime> : Product Rating = 4.4
INFO:root:<built-in function strftime> : Product User Rating = 5
INFO:root:<built-in function strftime> : Product User Review = Wonderful
INFO:root:<built-in function strftime> : Product User Rating = 5
INFO:root:<built-in function strftime> : Product User Review = Just wow!
INFO:root:<built-in function strftime> : Product User Rating = 4
INFO:root:<built-in function strftime> : Product User Review = Really Nice
INFO:root:<built-in function strftime> : Product User Rating = 5
INFO:root:<built-in function strftime> : Product User Review = Terrific purchase
INFO:root:<built-in function strftime> : Product User Rating = 5
INFO:root:<built-in function strftime> : Product User Review = Great product
INFO:root:<built-in function strftime> : Product User Rating = 5
INFO:root:<built-in function strftime> : Product User Review = Decent product
INFO:root:<built-in function strftime> : Product User Rating = 1
INFO:root:<built-in function strftime> : Product User Review = Very poor
INFO:root:<built-in function strftime> : Product User Rating = 4
INFO:root:<built-in function strftime> : Product User Review = Must buy!
INFO:root:<built-in function strftime> : Product User Rating = 2
INFO:root:<built-in function strftime> : Product User Review = Expected a better product
INFO:root:<built-in function strftime> : Product User Rating = 4
INFO:root:<built-in function strftime> : Product User Review = Good quality product
DEBUG:urllib3.connectionpool:Starting new HTTPS connection (1): www.flipkart.com:443
DEBUG:urllib3.connectionpool:https://www.flipkart.com:443 "GET /samsung-guru-music-2/p/itm2c9ea56f8959f?pid=MOBG9UNGRAUHZEUH&lid=LSTMOBG9UNGRAUHZEUH0SPUUE&marketplace=FLIPKART&q=samsung&store=search.flipkart.com&srno=s_1_33&otracker=search&fm=organic&iid=ee831d43-65cf-4c2f-a340-5b9583eec8ae.MOBG9UNGRAUHZEUH.SEARCH&ppt=None&ppn=None&ssid=x6yadlzwr40000001689855915211&qH=fe546279a62683de HTTP/1.1" 200 None
INFO:root:<built-in function strftime> : Product Name = SAMSUNG Guru Music 2  (White)
INFO:root:<built-in function strftime> : Product Price = ₹2,499
INFO:root:<built-in function strftime> : 0. Product Highlights = NA ROM | Expandable Upto 16 GB
INFO:root:<built-in function strftime> : 1. Product Highlights = 5.08 cm (2 inch) QVGA Display
INFO:root:<built-in function strftime> : 2. Product Highlights = 0MP Front Camera
INFO:root:<built-in function strftime> : 3. Product Highlights = 800 mAh Battery
INFO:root:<built-in function strftime> : 4. Product Highlights = NA 0 Single Core 208MHz Processor
INFO:root:<built-in function strftime> : Product Rating = 4.3
INFO:root:<built-in function strftime> : Product User Rating = 5
INFO:root:<built-in function strftime> : Product User Review = Best in the market!
INFO:root:<built-in function strftime> : Product User Rating = 5
INFO:root:<built-in function strftime> : Product User Review = Best in the market!
INFO:root:<built-in function strftime> : Product User Rating = 5
INFO:root:<built-in function strftime> : Product User Review = Brilliant
INFO:root:<built-in function strftime> : Product User Rating = 5
INFO:root:<built-in function strftime> : Product User Review = Awesome
INFO:root:<built-in function strftime> : Product User Rating = 5
INFO:root:<built-in function strftime> : Product User Review = Worth every penny
INFO:root:<built-in function strftime> : Product User Rating = 5
INFO:root:<built-in function strftime> : Product User Review = Terrific
INFO:root:<built-in function strftime> : Product User Rating = 5
INFO:root:<built-in function strftime> : Product User Review = Wonderful
INFO:root:<built-in function strftime> : Product User Rating = 5
INFO:root:<built-in function strftime> : Product User Review = Brilliant
INFO:root:<built-in function strftime> : Product User Rating = 5
INFO:root:<built-in function strftime> : Product User Review = Mind-blowing purchase
INFO:root:<built-in function strftime> : Product User Rating = 5
INFO:root:<built-in function strftime> : Product User Review = Brilliant
DEBUG:urllib3.connectionpool:Starting new HTTPS connection (1): www.flipkart.com:443
DEBUG:urllib3.connectionpool:https://www.flipkart.com:443 "GET /samsung-22-inch-full-hd-led-backlit-va-panel-54-48-cm-monitor-ls22a33anhwxxl/p/itm7c751114e03ae?pid=MONGK9WHZVZMWRZH&lid=LSTMONGK9WHZVZMWRZHCC2MQ9&marketplace=FLIPKART&q=samsung&store=search.flipkart.com&srno=s_1_37&otracker=search&fm=organic&iid=ee831d43-65cf-4c2f-a340-5b9583eec8ae.MONGK9WHZVZMWRZH.SEARCH&ppt=None&ppn=None&ssid=x6yadlzwr40000001689855915211&qH=fe546279a62683de HTTP/1.1" 200 None
INFO:root:<built-in function strftime> : Product Name = SAMSUNG 22 inch Full HD LED Backlit VA Panel (54.48 cm) Monitor (LS22A33ANHWXXL)  (Response Time: 5 ms, 60 Hz Refresh Rate)
INFO:root:<built-in function strftime> : Product Price = ₹6,899
INFO:root:<built-in function strftime> : 0. Product Highlights = Panel Type: VA Panel
INFO:root:<built-in function strftime> : 1. Product Highlights = Screen Resolution Type: Full HD
INFO:root:<built-in function strftime> : 2. Product Highlights = HDMI
INFO:root:<built-in function strftime> : 3. Product Highlights = Brightness: 250 nits
INFO:root:<built-in function strftime> : 4. Product Highlights = Response Time: 5 ms | Refresh Rate: 60 Hz
INFO:root:<built-in function strftime> : 5. Product Highlights = HDMI Ports - 1
INFO:root:<built-in function strftime> : Product Rating = 4.3
INFO:root:<built-in function strftime> : Product User Rating = 5
INFO:root:<built-in function strftime> : Product User Review = Excellent
INFO:root:<built-in function strftime> : Product User Rating = 5
INFO:root:<built-in function strftime> : Product User Review = Best in the market!
INFO:root:<built-in function strftime> : Product User Rating = 4
INFO:root:<built-in function strftime> : Product User Review = Value-for-money
INFO:root:<built-in function strftime> : Product User Rating = 4
INFO:root:<built-in function strftime> : Product User Review = Wonderful
INFO:root:<built-in function strftime> : Product User Rating = 5
INFO:root:<built-in function strftime> : Product User Review = Highly recommended
INFO:root:<built-in function strftime> : Product User Rating = 5
INFO:root:<built-in function strftime> : Product User Review = Excellent
INFO:root:<built-in function strftime> : Product User Rating = 5
INFO:root:<built-in function strftime> : Product User Review = Highly recommended
INFO:root:<built-in function strftime> : Product User Rating = 4
INFO:root:<built-in function strftime> : Product User Review = Nice product
INFO:root:<built-in function strftime> : Product User Rating = 4
INFO:root:<built-in function strftime> : Product User Review = Nice product
INFO:root:<built-in function strftime> : Product User Rating = 5
INFO:root:<built-in function strftime> : Product User Review = Wonderful
