WARNING:werkzeug: * Debugger is active!
INFO:werkzeug: * Debugger PIN: 636-379-779
INFO:werkzeug:127.0.0.1 - - [24/Jul/2023 16:38:15] "GET / HTTP/1.1" 200 -
DEBUG:urllib3.connectionpool:Starting new HTTPS connection (1): www.flipkart.com:443
DEBUG:urllib3.connectionpool:https://www.flipkart.com:443 "GET /search?q=iphone11 HTTP/1.1" 200 None
DEBUG:urllib3.connectionpool:Starting new HTTPS connection (1): www.flipkart.com:443
DEBUG:urllib3.connectionpool:https://www.flipkart.com:443 "GET /apple-iphone-11-white-128-gb/p/itme32df47ea6742?pid=MOBFWQ6B7KKRXDDS&lid=LSTMOBFWQ6B7KKRXDDSULUZ0N&marketplace=FLIPKART&q=iphone11&store=tyy%2F4io&srno=s_1_1&otracker=search&fm=organic&iid=cb50692b-40f0-4c05-b86c-d55453c4e9ba.MOBFWQ6B7KKRXDDS.SEARCH&ppt=None&ppn=None&ssid=f7k9teys3k0000001690196900955&qH=d6db477051465f9a HTTP/1.1" 200 None
INFO:root:<built-in function strftime> : Product Name = APPLE iPhone 11 (White, 128 GB)
INFO:root:<built-in function strftime> : Product Price = ₹44,999
INFO:root:<built-in function strftime> : 0. Product Highlights = 128 GB ROM
INFO:root:<built-in function strftime> : 1. Product Highlights = 15.49 cm (6.1 inch) Liquid Retina HD Display
INFO:root:<built-in function strftime> : 2. Product Highlights = 12MP + 12MP | 12MP Front Camera
INFO:root:<built-in function strftime> : 3. Product Highlights = A13 Bionic Chip Processor
INFO:root:<built-in function strftime> : Product Rating = 4.6
INFO:root:<built-in function strftime> : Product User Rating = 5
INFO:root:<built-in function strftime> : Product User Review = Terrific
INFO:root:<built-in function strftime> : Product User Rating = 5
INFO:root:<built-in function strftime> : Product User Review = Classy product
INFO:root:<built-in function strftime> : Product User Rating = 5
INFO:root:<built-in function strftime> : Product User Review = Wonderful
INFO:root:<built-in function strftime> : Product User Rating = 5
INFO:root:<built-in function strftime> : Product User Review = Mind-blowing purchase
INFO:root:<built-in function strftime> : Product User Rating = 5
INFO:root:<built-in function strftime> : Product User Review = Must buy!
INFO:root:<built-in function strftime> : Product User Rating = 5
INFO:root:<built-in function strftime> : Product User Review = Fabulous!
INFO:root:<built-in function strftime> : Product User Rating = 5
INFO:root:<built-in function strftime> : Product User Review = Perfect product!
INFO:root:<built-in function strftime> : Product User Rating = 5
INFO:root:<built-in function strftime> : Product User Review = Just wow!
INFO:root:<built-in function strftime> : Product User Rating = 5
INFO:root:<built-in function strftime> : Product User Review = Best in the market!
INFO:root:<built-in function strftime> : Product User Rating = 5
INFO:root:<built-in function strftime> : Product User Review = Worth every penny
DEBUG:urllib3.connectionpool:Starting new HTTPS connection (1): www.flipkart.com:443
DEBUG:urllib3.connectionpool:https://www.flipkart.com:443 "GET /apple-iphone-11-black-128-gb/p/itm8244e8d955aba?pid=MOBFWQ6BKRYBP5X8&lid=LSTMOBFWQ6BKRYBP5X8HS0EXP&marketplace=FLIPKART&q=iphone11&store=tyy%2F4io&spotlightTagId=FkPickId_tyy%2F4io&srno=s_1_2&otracker=search&fm=organic&iid=cb50692b-40f0-4c05-b86c-d55453c4e9ba.MOBFWQ6BKRYBP5X8.SEARCH&ppt=None&ppn=None&ssid=f7k9teys3k0000001690196900955&qH=d6db477051465f9a HTTP/1.1" 200 None
INFO:root:<built-in function strftime> : Product Name = APPLE iPhone 11 (Black, 128 GB)
INFO:root:<built-in function strftime> : Product Price = ₹44,999
INFO:root:<built-in function strftime> : 0. Product Highlights = 128 GB ROM
INFO:root:<built-in function strftime> : 1. Product Highlights = 15.49 cm (6.1 inch) Liquid Retina HD Display
INFO:root:<built-in function strftime> : 2. Product Highlights = 12MP + 12MP | 12MP Front Camera
INFO:root:<built-in function strftime> : 3. Product Highlights = A13 Bionic Chip Processor
INFO:root:<built-in function strftime> : Product Rating = 4.6
INFO:root:<built-in function strftime> : Product User Rating = 5
INFO:root:<built-in function strftime> : Product User Review = Terrific
INFO:root:<built-in function strftime> : Product User Rating = 5
INFO:root:<built-in function strftime> : Product User Review = Classy product
INFO:root:<built-in function strftime> : Product User Rating = 5
INFO:root:<built-in function strftime> : Product User Review = Wonderful
INFO:root:<built-in function strftime> : Product User Rating = 5
INFO:root:<built-in function strftime> : Product User Review = Mind-blowing purchase
INFO:root:<built-in function strftime> : Product User Rating = 5
INFO:root:<built-in function strftime> : Product User Review = Must buy!
INFO:root:<built-in function strftime> : Product User Rating = 5
INFO:root:<built-in function strftime> : Product User Review = Fabulous!
INFO:root:<built-in function strftime> : Product User Rating = 5
INFO:root:<built-in function strftime> : Product User Review = Perfect product!
INFO:root:<built-in function strftime> : Product User Rating = 5
INFO:root:<built-in function strftime> : Product User Review = Just wow!
INFO:root:<built-in function strftime> : Product User Rating = 5
INFO:root:<built-in function strftime> : Product User Review = Best in the market!
INFO:root:<built-in function strftime> : Product User Rating = 5
INFO:root:<built-in function strftime> : Product User Review = Worth every penny
DEBUG:urllib3.connectionpool:Starting new HTTPS connection (1): www.flipkart.com:443
DEBUG:urllib3.connectionpool:https://www.flipkart.com:443 "GET /apple-iphone-11-white-64-gb/p/itmfc6a7091eb20b?pid=MOBFWQ6BVWVEH3XE&lid=LSTMOBFWQ6BVWVEH3XEMXQMLO&marketplace=FLIPKART&q=iphone11&store=tyy%2F4io&srno=s_1_3&otracker=search&fm=organic&iid=cb50692b-40f0-4c05-b86c-d55453c4e9ba.MOBFWQ6BVWVEH3XE.SEARCH&ppt=None&ppn=None&ssid=f7k9teys3k0000001690196900955&qH=d6db477051465f9a HTTP/1.1" 200 None
INFO:root:<built-in function strftime> : Product Name = APPLE iPhone 11 (White, 64 GB)
INFO:root:<built-in function strftime> : Product Price = ₹41,999
INFO:root:<built-in function strftime> : 0. Product Highlights = 64 GB ROM
INFO:root:<built-in function strftime> : 1. Product Highlights = 15.49 cm (6.1 inch) Liquid Retina HD Display
INFO:root:<built-in function strftime> : 2. Product Highlights = 12MP + 12MP | 12MP Front Camera
INFO:root:<built-in function strftime> : 3. Product Highlights = A13 Bionic Chip Processor
INFO:root:<built-in function strftime> : Product Rating = 4.6
INFO:root:<built-in function strftime> : Product User Rating = 5
INFO:root:<built-in function strftime> : Product User Review = Terrific
INFO:root:<built-in function strftime> : Product User Rating = 5
INFO:root:<built-in function strftime> : Product User Review = Classy product
INFO:root:<built-in function strftime> : Product User Rating = 5
INFO:root:<built-in function strftime> : Product User Review = Brilliant
INFO:root:<built-in function strftime> : Product User Rating = 5
INFO:root:<built-in function strftime> : Product User Review = Wonderful
INFO:root:<built-in function strftime> : Product User Rating = 5
INFO:root:<built-in function strftime> : Product User Review = Must buy!
INFO:root:<built-in function strftime> : Product User Rating = 5
INFO:root:<built-in function strftime> : Product User Review = Just wow!
INFO:root:<built-in function strftime> : Product User Rating = 5
INFO:root:<built-in function strftime> : Product User Review = Perfect product!
INFO:root:<built-in function strftime> : Product User Rating = 5
INFO:root:<built-in function strftime> : Product User Review = Mind-blowing purchase
INFO:root:<built-in function strftime> : Product User Rating = 5
INFO:root:<built-in function strftime> : Product User Review = Fabulous!
INFO:root:<built-in function strftime> : Product User Rating = 5
INFO:root:<built-in function strftime> : Product User Review = Best in the market!
DEBUG:urllib3.connectionpool:Starting new HTTPS connection (1): www.flipkart.com:443
DEBUG:urllib3.connectionpool:https://www.flipkart.com:443 "GET /apple-iphone-11-black-64-gb/p/itm4e5041ba101fd?pid=MOBFWQ6BXGJCEYNY&lid=LSTMOBFWQ6BXGJCEYNYIJLDFV&marketplace=FLIPKART&q=iphone11&store=tyy%2F4io&srno=s_1_4&otracker=search&fm=organic&iid=cb50692b-40f0-4c05-b86c-d55453c4e9ba.MOBFWQ6BXGJCEYNY.SEARCH&ppt=None&ppn=None&ssid=f7k9teys3k0000001690196900955&qH=d6db477051465f9a HTTP/1.1" 200 None
INFO:root:<built-in function strftime> : Product Name = APPLE iPhone 11 (Black, 64 GB)
INFO:root:<built-in function strftime> : Product Price = ₹40,999
INFO:root:<built-in function strftime> : 0. Product Highlights = 64 GB ROM
INFO:root:<built-in function strftime> : 1. Product Highlights = 15.49 cm (6.1 inch) Liquid Retina HD Display
INFO:root:<built-in function strftime> : 2. Product Highlights = 12MP + 12MP | 12MP Front Camera
INFO:root:<built-in function strftime> : 3. Product Highlights = A13 Bionic Chip Processor
INFO:root:<built-in function strftime> : Product Rating = 4.6
INFO:root:<built-in function strftime> : Product User Rating = 5
INFO:root:<built-in function strftime> : Product User Review = Terrific
INFO:root:<built-in function strftime> : Product User Rating = 5
INFO:root:<built-in function strftime> : Product User Review = Classy product
INFO:root:<built-in function strftime> : Product User Rating = 5
INFO:root:<built-in function strftime> : Product User Review = Brilliant
INFO:root:<built-in function strftime> : Product User Rating = 5
INFO:root:<built-in function strftime> : Product User Review = Wonderful
INFO:root:<built-in function strftime> : Product User Rating = 5
INFO:root:<built-in function strftime> : Product User Review = Must buy!
INFO:root:<built-in function strftime> : Product User Rating = 5
INFO:root:<built-in function strftime> : Product User Review = Just wow!
INFO:root:<built-in function strftime> : Product User Rating = 5
INFO:root:<built-in function strftime> : Product User Review = Perfect product!
INFO:root:<built-in function strftime> : Product User Rating = 5
INFO:root:<built-in function strftime> : Product User Review = Mind-blowing purchase
INFO:root:<built-in function strftime> : Product User Rating = 5
INFO:root:<built-in function strftime> : Product User Review = Fabulous!
INFO:root:<built-in function strftime> : Product User Rating = 5
INFO:root:<built-in function strftime> : Product User Review = Best in the market!
DEBUG:urllib3.connectionpool:Starting new HTTPS connection (1): www.flipkart.com:443
DEBUG:urllib3.connectionpool:https://www.flipkart.com:443 "GET /apple-iphone-11-green-64-gb/p/itm386a85013a3d1?pid=MOBFWQ6BHPMG29QM&lid=LSTMOBFWQ6BHPMG29QMMGHL6F&marketplace=FLIPKART&q=iphone11&store=tyy%2F4io&srno=s_1_5&otracker=search&fm=organic&iid=cb50692b-40f0-4c05-b86c-d55453c4e9ba.MOBFWQ6BHPMG29QM.SEARCH&ppt=None&ppn=None&ssid=f7k9teys3k0000001690196900955&qH=d6db477051465f9a HTTP/1.1" 200 None
INFO:root:<built-in function strftime> : Product Name = APPLE iPhone 11 (Green, 64 GB)
INFO:root:<built-in function strftime> : Product Price = ₹41,999
INFO:root:<built-in function strftime> : 0. Product Highlights = 64 GB ROM
INFO:root:<built-in function strftime> : 1. Product Highlights = 15.49 cm (6.1 inch) Liquid Retina HD Display
INFO:root:<built-in function strftime> : 2. Product Highlights = 12MP + 12MP | 12MP Front Camera
INFO:root:<built-in function strftime> : 3. Product Highlights = A13 Bionic Chip Processor
INFO:root:<built-in function strftime> : Product Rating = 4.6
INFO:root:<built-in function strftime> : Product User Rating = 5
INFO:root:<built-in function strftime> : Product User Review = Terrific
INFO:root:<built-in function strftime> : Product User Rating = 5
INFO:root:<built-in function strftime> : Product User Review = Classy product
INFO:root:<built-in function strftime> : Product User Rating = 5
INFO:root:<built-in function strftime> : Product User Review = Brilliant
INFO:root:<built-in function strftime> : Product User Rating = 5
INFO:root:<built-in function strftime> : Product User Review = Wonderful
INFO:root:<built-in function strftime> : Product User Rating = 5
INFO:root:<built-in function strftime> : Product User Review = Must buy!
INFO:root:<built-in function strftime> : Product User Rating = 5
INFO:root:<built-in function strftime> : Product User Review = Just wow!
INFO:root:<built-in function strftime> : Product User Rating = 5
INFO:root:<built-in function strftime> : Product User Review = Perfect product!
INFO:root:<built-in function strftime> : Product User Rating = 5
INFO:root:<built-in function strftime> : Product User Review = Mind-blowing purchase
INFO:root:<built-in function strftime> : Product User Rating = 5
INFO:root:<built-in function strftime> : Product User Review = Fabulous!
INFO:root:<built-in function strftime> : Product User Rating = 5
INFO:root:<built-in function strftime> : Product User Review = Best in the market!
DEBUG:urllib3.connectionpool:Starting new HTTPS connection (1): www.flipkart.com:443
DEBUG:urllib3.connectionpool:https://www.flipkart.com:443 "GET /apple-iphone-11-purple-64-gb/p/itm2b8d03427ddac?pid=MOBFWQ6BTFFJKGKE&lid=LSTMOBFWQ6BTFFJKGKEPGQVOJ&marketplace=FLIPKART&q=iphone11&store=tyy%2F4io&srno=s_1_6&otracker=search&fm=organic&iid=cb50692b-40f0-4c05-b86c-d55453c4e9ba.MOBFWQ6BTFFJKGKE.SEARCH&ppt=None&ppn=None&ssid=f7k9teys3k0000001690196900955&qH=d6db477051465f9a HTTP/1.1" 200 None
INFO:root:<built-in function strftime> : Product Name = APPLE iPhone 11 (Purple, 64 GB)
INFO:root:<built-in function strftime> : Product Price = ₹41,999
INFO:root:<built-in function strftime> : 0. Product Highlights = 64 GB ROM
INFO:root:<built-in function strftime> : 1. Product Highlights = 15.49 cm (6.1 inch) Liquid Retina HD Display
INFO:root:<built-in function strftime> : 2. Product Highlights = 12MP + 12MP | 12MP Front Camera
INFO:root:<built-in function strftime> : 3. Product Highlights = A13 Bionic Chip Processor
INFO:root:<built-in function strftime> : Product Rating = 4.6
INFO:root:<built-in function strftime> : Product User Rating = 5
INFO:root:<built-in function strftime> : Product User Review = Terrific
INFO:root:<built-in function strftime> : Product User Rating = 5
INFO:root:<built-in function strftime> : Product User Review = Classy product
INFO:root:<built-in function strftime> : Product User Rating = 5
INFO:root:<built-in function strftime> : Product User Review = Wonderful
INFO:root:<built-in function strftime> : Product User Rating = 5
INFO:root:<built-in function strftime> : Product User Review = Mind-blowing purchase
INFO:root:<built-in function strftime> : Product User Rating = 5
INFO:root:<built-in function strftime> : Product User Review = Must buy!
INFO:root:<built-in function strftime> : Product User Rating = 5
INFO:root:<built-in function strftime> : Product User Review = Fabulous!
INFO:root:<built-in function strftime> : Product User Rating = 5
INFO:root:<built-in function strftime> : Product User Review = Perfect product!
INFO:root:<built-in function strftime> : Product User Rating = 5
INFO:root:<built-in function strftime> : Product User Review = Just wow!
INFO:root:<built-in function strftime> : Product User Rating = 5
INFO:root:<built-in function strftime> : Product User Review = Best in the market!
INFO:root:<built-in function strftime> : Product User Rating = 5
INFO:root:<built-in function strftime> : Product User Review = Worth every penny
DEBUG:urllib3.connectionpool:Starting new HTTPS connection (1): www.flipkart.com:443
DEBUG:urllib3.connectionpool:https://www.flipkart.com:443 "GET /apple-iphone-11-green-128-gb/p/itm97529bbf640ca?pid=MOBFWQ6BHBKMH4BF&lid=LSTMOBFWQ6BHBKMH4BF0L2HN2&marketplace=FLIPKART&q=iphone11&store=tyy%2F4io&srno=s_1_7&otracker=search&fm=organic&iid=cb50692b-40f0-4c05-b86c-d55453c4e9ba.MOBFWQ6BHBKMH4BF.SEARCH&ppt=None&ppn=None&ssid=f7k9teys3k0000001690196900955&qH=d6db477051465f9a HTTP/1.1" 200 None
INFO:root:<built-in function strftime> : Product Name = APPLE iPhone 11 (Green, 128 GB)
INFO:root:<built-in function strftime> : Product Price = ₹46,999
INFO:root:<built-in function strftime> : 0. Product Highlights = 128 GB ROM
INFO:root:<built-in function strftime> : 1. Product Highlights = 15.49 cm (6.1 inch) Liquid Retina HD Display
INFO:root:<built-in function strftime> : 2. Product Highlights = 12MP + 12MP | 12MP Front Camera
INFO:root:<built-in function strftime> : 3. Product Highlights = A13 Bionic Chip Processor
INFO:root:<built-in function strftime> : Product Rating = 4.6
INFO:root:<built-in function strftime> : Product User Rating = 5
INFO:root:<built-in function strftime> : Product User Review = Terrific
INFO:root:<built-in function strftime> : Product User Rating = 5
INFO:root:<built-in function strftime> : Product User Review = Classy product
INFO:root:<built-in function strftime> : Product User Rating = 5
INFO:root:<built-in function strftime> : Product User Review = Brilliant
INFO:root:<built-in function strftime> : Product User Rating = 5
INFO:root:<built-in function strftime> : Product User Review = Wonderful
INFO:root:<built-in function strftime> : Product User Rating = 5
INFO:root:<built-in function strftime> : Product User Review = Must buy!
INFO:root:<built-in function strftime> : Product User Rating = 5
INFO:root:<built-in function strftime> : Product User Review = Just wow!
INFO:root:<built-in function strftime> : Product User Rating = 5
INFO:root:<built-in function strftime> : Product User Review = Perfect product!
INFO:root:<built-in function strftime> : Product User Rating = 5
INFO:root:<built-in function strftime> : Product User Review = Mind-blowing purchase
INFO:root:<built-in function strftime> : Product User Rating = 5
INFO:root:<built-in function strftime> : Product User Review = Fabulous!
INFO:root:<built-in function strftime> : Product User Rating = 5
INFO:root:<built-in function strftime> : Product User Review = Best in the market!
DEBUG:urllib3.connectionpool:Starting new HTTPS connection (1): www.flipkart.com:443
DEBUG:urllib3.connectionpool:https://www.flipkart.com:443 "GET /apple-iphone-11-red-128-gb/p/itm8d14bd0e33a1c?pid=MOBFWQ6BEZTNK59G&lid=LSTMOBFWQ6BEZTNK59G4PTPDM&marketplace=FLIPKART&q=iphone11&store=tyy%2F4io&srno=s_1_8&otracker=search&fm=organic&iid=cb50692b-40f0-4c05-b86c-d55453c4e9ba.MOBFWQ6BEZTNK59G.SEARCH&ppt=None&ppn=None&ssid=f7k9teys3k0000001690196900955&qH=d6db477051465f9a HTTP/1.1" 200 None
INFO:root:<built-in function strftime> : Product Name = APPLE iPhone 11 (Red, 128 GB)
INFO:root:<built-in function strftime> : Product Price = ₹46,999
INFO:root:<built-in function strftime> : 0. Product Highlights = 128 GB ROM
INFO:root:<built-in function strftime> : 1. Product Highlights = 15.49 cm (6.1 inch) Liquid Retina HD Display
INFO:root:<built-in function strftime> : 2. Product Highlights = 12MP + 12MP | 12MP Front Camera
INFO:root:<built-in function strftime> : 3. Product Highlights = A13 Bionic Chip Processor
INFO:root:<built-in function strftime> : Product Rating = 4.6
INFO:root:<built-in function strftime> : Product User Rating = 5
INFO:root:<built-in function strftime> : Product User Review = Terrific
INFO:root:<built-in function strftime> : Product User Rating = 5
INFO:root:<built-in function strftime> : Product User Review = Classy product
INFO:root:<built-in function strftime> : Product User Rating = 5
INFO:root:<built-in function strftime> : Product User Review = Wonderful
INFO:root:<built-in function strftime> : Product User Rating = 5
INFO:root:<built-in function strftime> : Product User Review = Mind-blowing purchase
INFO:root:<built-in function strftime> : Product User Rating = 5
INFO:root:<built-in function strftime> : Product User Review = Must buy!
INFO:root:<built-in function strftime> : Product User Rating = 5
INFO:root:<built-in function strftime> : Product User Review = Fabulous!
INFO:root:<built-in function strftime> : Product User Rating = 5
INFO:root:<built-in function strftime> : Product User Review = Perfect product!
INFO:root:<built-in function strftime> : Product User Rating = 5
INFO:root:<built-in function strftime> : Product User Review = Just wow!
INFO:root:<built-in function strftime> : Product User Rating = 5
INFO:root:<built-in function strftime> : Product User Review = Best in the market!
INFO:root:<built-in function strftime> : Product User Rating = 5
INFO:root:<built-in function strftime> : Product User Review = Worth every penny
DEBUG:urllib3.connectionpool:Starting new HTTPS connection (1): www.flipkart.com:443
DEBUG:urllib3.connectionpool:https://www.flipkart.com:443 "GET /apple-iphone-11-pro-max-space-grey-64-gb/p/itme0101031155f8?pid=MOBFKCTSKDMKCGQS&lid=LSTMOBFKCTSKDMKCGQSOYFAJN&marketplace=FLIPKART&q=iphone11&store=tyy%2F4io&srno=s_1_9&otracker=search&fm=organic&iid=cb50692b-40f0-4c05-b86c-d55453c4e9ba.MOBFKCTSKDMKCGQS.SEARCH&ppt=None&ppn=None&ssid=f7k9teys3k0000001690196900955&qH=d6db477051465f9a HTTP/1.1" 200 None
INFO:root:<built-in function strftime> : Product Name = APPLE iPhone 11 Pro Max (Space Grey, 64 GB)
INFO:root:<built-in function strftime> : Product Price = ₹95,699
INFO:root:<built-in function strftime> : 0. Product Highlights = 64 GB ROM
INFO:root:<built-in function strftime> : 1. Product Highlights = 16.51 cm (6.5 inch) Super Retina XDR Display
INFO:root:<built-in function strftime> : 2. Product Highlights = 12MP + 12MP + 12MP | 12MP Front Camera
INFO:root:<built-in function strftime> : 3. Product Highlights = A13 Bionic Chip Processor
INFO:root:<built-in function strftime> : Product Rating = 4.7
INFO:root:<built-in function strftime> : Product User Rating = 5
INFO:root:<built-in function strftime> : Product User Review = Highly recommended
INFO:root:<built-in function strftime> : Product User Rating = 5
INFO:root:<built-in function strftime> : Product User Review = Worth every penny
INFO:root:<built-in function strftime> : Product User Rating = 4
INFO:root:<built-in function strftime> : Product User Review = Good quality product
INFO:root:<built-in function strftime> : Product User Rating = 5
INFO:root:<built-in function strftime> : Product User Review = Perfect product!
INFO:root:<built-in function strftime> : Product User Rating = 5
INFO:root:<built-in function strftime> : Product User Review = Worth every penny
INFO:root:<built-in function strftime> : Product User Rating = 5
INFO:root:<built-in function strftime> : Product User Review = Must buy!
INFO:root:<built-in function strftime> : Product User Rating = 5
INFO:root:<built-in function strftime> : Product User Review = Terrific purchase
INFO:root:<built-in function strftime> : Product User Rating = 5
INFO:root:<built-in function strftime> : Product User Review = Super!
INFO:root:<built-in function strftime> : Product User Rating = 5
INFO:root:<built-in function strftime> : Product User Review = Must buy!
INFO:root:<built-in function strftime> : Product User Rating = 5
INFO:root:<built-in function strftime> : Product User Review = Mind-blowing purchase
DEBUG:urllib3.connectionpool:Starting new HTTPS connection (1): www.flipkart.com:443
DEBUG:urllib3.connectionpool:https://www.flipkart.com:443 "GET /apple-iphone-11-yellow-64-gb/p/itm39b1a0ba9ddcb?pid=MOBFWQ6BWGX9VRFS&lid=LSTMOBFWQ6BWGX9VRFSWACBGI&marketplace=FLIPKART&q=iphone11&store=tyy%2F4io&srno=s_1_10&otracker=search&fm=organic&iid=cb50692b-40f0-4c05-b86c-d55453c4e9ba.MOBFWQ6BWGX9VRFS.SEARCH&ppt=None&ppn=None&ssid=f7k9teys3k0000001690196900955&qH=d6db477051465f9a HTTP/1.1" 200 None
INFO:root:<built-in function strftime> : Product Name = APPLE iPhone 11 (Yellow, 64 GB)
INFO:root:<built-in function strftime> : Product Price = ₹41,999
INFO:root:<built-in function strftime> : 0. Product Highlights = 64 GB ROM
INFO:root:<built-in function strftime> : 1. Product Highlights = 15.49 cm (6.1 inch) Liquid Retina HD Display
INFO:root:<built-in function strftime> : 2. Product Highlights = 12MP + 12MP | 12MP Front Camera
INFO:root:<built-in function strftime> : 3. Product Highlights = A13 Bionic Chip Processor
INFO:root:<built-in function strftime> : Product Rating = 4.6
INFO:root:<built-in function strftime> : Product User Rating = 5
INFO:root:<built-in function strftime> : Product User Review = Terrific
INFO:root:<built-in function strftime> : Product User Rating = 5
INFO:root:<built-in function strftime> : Product User Review = Classy product
INFO:root:<built-in function strftime> : Product User Rating = 5
INFO:root:<built-in function strftime> : Product User Review = Brilliant
INFO:root:<built-in function strftime> : Product User Rating = 5
INFO:root:<built-in function strftime> : Product User Review = Wonderful
INFO:root:<built-in function strftime> : Product User Rating = 5
INFO:root:<built-in function strftime> : Product User Review = Must buy!
INFO:root:<built-in function strftime> : Product User Rating = 5
INFO:root:<built-in function strftime> : Product User Review = Just wow!
INFO:root:<built-in function strftime> : Product User Rating = 5
INFO:root:<built-in function strftime> : Product User Review = Perfect product!
INFO:root:<built-in function strftime> : Product User Rating = 5
INFO:root:<built-in function strftime> : Product User Review = Mind-blowing purchase
INFO:root:<built-in function strftime> : Product User Rating = 5
INFO:root:<built-in function strftime> : Product User Review = Fabulous!
INFO:root:<built-in function strftime> : Product User Rating = 5
INFO:root:<built-in function strftime> : Product User Review = Best in the market!
DEBUG:urllib3.connectionpool:Starting new HTTPS connection (1): www.flipkart.com:443
DEBUG:urllib3.connectionpool:https://www.flipkart.com:443 "GET /apple-iphone-11-pro-max-midnight-green-64-gb/p/itmab1763b5ca244?pid=MOBFKCTSRYPAQNYT&lid=LSTMOBFKCTSRYPAQNYTHDWEGY&marketplace=FLIPKART&q=iphone11&store=tyy%2F4io&srno=s_1_11&otracker=search&fm=organic&iid=cb50692b-40f0-4c05-b86c-d55453c4e9ba.MOBFKCTSRYPAQNYT.SEARCH&ppt=None&ppn=None&ssid=f7k9teys3k0000001690196900955&qH=d6db477051465f9a HTTP/1.1" 200 None
INFO:root:<built-in function strftime> : Product Name = APPLE iPhone 11 Pro Max (Midnight Green, 64 GB)
INFO:root:<built-in function strftime> : Product Price = ₹95,699
INFO:root:<built-in function strftime> : 0. Product Highlights = 64 GB ROM
INFO:root:<built-in function strftime> : 1. Product Highlights = 16.51 cm (6.5 inch) Super Retina XDR Display
INFO:root:<built-in function strftime> : 2. Product Highlights = 12MP + 12MP + 12MP | 12MP Front Camera
INFO:root:<built-in function strftime> : 3. Product Highlights = A13 Bionic Chip Processor
INFO:root:<built-in function strftime> : Product Rating = 4.7
INFO:root:<built-in function strftime> : Product User Rating = 5
INFO:root:<built-in function strftime> : Product User Review = Highly recommended
INFO:root:<built-in function strftime> : Product User Rating = 5
INFO:root:<built-in function strftime> : Product User Review = Worth every penny
INFO:root:<built-in function strftime> : Product User Rating = 4
INFO:root:<built-in function strftime> : Product User Review = Good quality product
INFO:root:<built-in function strftime> : Product User Rating = 5
INFO:root:<built-in function strftime> : Product User Review = Perfect product!
INFO:root:<built-in function strftime> : Product User Rating = 5
INFO:root:<built-in function strftime> : Product User Review = Worth every penny
INFO:root:<built-in function strftime> : Product User Rating = 5
INFO:root:<built-in function strftime> : Product User Review = Must buy!
INFO:root:<built-in function strftime> : Product User Rating = 5
INFO:root:<built-in function strftime> : Product User Review = Super!
INFO:root:<built-in function strftime> : Product User Rating = 5
INFO:root:<built-in function strftime> : Product User Review = Terrific purchase
INFO:root:<built-in function strftime> : Product User Rating = 5
INFO:root:<built-in function strftime> : Product User Review = Must buy!
INFO:root:<built-in function strftime> : Product User Rating = 5
INFO:root:<built-in function strftime> : Product User Review = Mind-blowing purchase
DEBUG:urllib3.connectionpool:Starting new HTTPS connection (1): www.flipkart.com:443
DEBUG:urllib3.connectionpool:https://www.flipkart.com:443 "GET /apple-iphone-11-pro-max-space-grey-512-gb/p/itm4f43529009139?pid=MOBFKCTSNNTDCW36&lid=LSTMOBFKCTSNNTDCW36RZNOUN&marketplace=FLIPKART&q=iphone11&store=tyy%2F4io&srno=s_1_12&otracker=search&fm=organic&iid=cb50692b-40f0-4c05-b86c-d55453c4e9ba.MOBFKCTSNNTDCW36.SEARCH&ppt=None&ppn=None&ssid=f7k9teys3k0000001690196900955&qH=d6db477051465f9a HTTP/1.1" 200 None
INFO:root:<built-in function strftime> : Product Name = APPLE iPhone 11 Pro Max (Space Grey, 512 GB)
INFO:root:<built-in function strftime> : Product Price = ₹1,50,800
INFO:root:<built-in function strftime> : 0. Product Highlights = 512 GB ROM
INFO:root:<built-in function strftime> : 1. Product Highlights = 16.51 cm (6.5 inch) Super Retina XDR Display
INFO:root:<built-in function strftime> : 2. Product Highlights = 12MP + 12MP + 12MP | 12MP Front Camera
INFO:root:<built-in function strftime> : 3. Product Highlights = A13 Bionic Chip Processor
INFO:root:<built-in function strftime> : Product Rating = 4.7
INFO:root:<built-in function strftime> : Product User Rating = 5
INFO:root:<built-in function strftime> : Product User Review = Highly recommended
INFO:root:<built-in function strftime> : Product User Rating = 5
INFO:root:<built-in function strftime> : Product User Review = Worth every penny
INFO:root:<built-in function strftime> : Product User Rating = 4
INFO:root:<built-in function strftime> : Product User Review = Good quality product
INFO:root:<built-in function strftime> : Product User Rating = 5
INFO:root:<built-in function strftime> : Product User Review = Perfect product!
INFO:root:<built-in function strftime> : Product User Rating = 5
INFO:root:<built-in function strftime> : Product User Review = Worth every penny
INFO:root:<built-in function strftime> : Product User Rating = 5
INFO:root:<built-in function strftime> : Product User Review = Must buy!
INFO:root:<built-in function strftime> : Product User Rating = 5
INFO:root:<built-in function strftime> : Product User Review = Super!
INFO:root:<built-in function strftime> : Product User Rating = 5
INFO:root:<built-in function strftime> : Product User Review = Terrific purchase
INFO:root:<built-in function strftime> : Product User Rating = 5
INFO:root:<built-in function strftime> : Product User Review = Must buy!
INFO:root:<built-in function strftime> : Product User Rating = 5
INFO:root:<built-in function strftime> : Product User Review = Mind-blowing purchase
DEBUG:urllib3.connectionpool:Starting new HTTPS connection (1): www.flipkart.com:443
DEBUG:urllib3.connectionpool:https://www.flipkart.com:443 "GET /apple-iphone-11-pro-max-gold-256-gb/p/itm94c6536eefc46?pid=MOBFKCTS7HCHSPFH&lid=LSTMOBFKCTS7HCHSPFH8FVBCX&marketplace=FLIPKART&q=iphone11&store=tyy%2F4io&srno=s_1_13&otracker=search&fm=organic&iid=cb50692b-40f0-4c05-b86c-d55453c4e9ba.MOBFKCTS7HCHSPFH.SEARCH&ppt=None&ppn=None&ssid=f7k9teys3k0000001690196900955&qH=d6db477051465f9a HTTP/1.1" 200 None
INFO:root:<built-in function strftime> : Product Name = APPLE iPhone 11 Pro Max (Gold, 256 GB)
INFO:root:<built-in function strftime> : Product Price = ₹1,31,900
INFO:root:<built-in function strftime> : 0. Product Highlights = 256 GB ROM
INFO:root:<built-in function strftime> : 1. Product Highlights = 16.51 cm (6.5 inch) Super Retina XDR Display
INFO:root:<built-in function strftime> : 2. Product Highlights = 12MP + 12MP + 12MP | 12MP Front Camera
INFO:root:<built-in function strftime> : 3. Product Highlights = A13 Bionic Chip Processor
INFO:root:<built-in function strftime> : Product Rating = 4.7
INFO:root:<built-in function strftime> : Product User Rating = 5
INFO:root:<built-in function strftime> : Product User Review = Highly recommended
INFO:root:<built-in function strftime> : Product User Rating = 5
INFO:root:<built-in function strftime> : Product User Review = Worth every penny
INFO:root:<built-in function strftime> : Product User Rating = 4
INFO:root:<built-in function strftime> : Product User Review = Good quality product
INFO:root:<built-in function strftime> : Product User Rating = 5
INFO:root:<built-in function strftime> : Product User Review = Perfect product!
INFO:root:<built-in function strftime> : Product User Rating = 5
INFO:root:<built-in function strftime> : Product User Review = Worth every penny
INFO:root:<built-in function strftime> : Product User Rating = 5
INFO:root:<built-in function strftime> : Product User Review = Must buy!
INFO:root:<built-in function strftime> : Product User Rating = 5
INFO:root:<built-in function strftime> : Product User Review = Super!
INFO:root:<built-in function strftime> : Product User Rating = 5
INFO:root:<built-in function strftime> : Product User Review = Terrific purchase
INFO:root:<built-in function strftime> : Product User Rating = 5
INFO:root:<built-in function strftime> : Product User Review = Must buy!
INFO:root:<built-in function strftime> : Product User Rating = 5
INFO:root:<built-in function strftime> : Product User Review = Mind-blowing purchase
DEBUG:urllib3.connectionpool:Starting new HTTPS connection (1): www.flipkart.com:443
DEBUG:urllib3.connectionpool:https://www.flipkart.com:443 "GET /apple-iphone-11-red-64-gb/p/itmc3935326f2feb?pid=MOBFWQ6BYYV3FCU7&lid=LSTMOBFWQ6BYYV3FCU7ZCY7Y9&marketplace=FLIPKART&q=iphone11&store=tyy%2F4io&srno=s_1_14&otracker=search&fm=organic&iid=cb50692b-40f0-4c05-b86c-d55453c4e9ba.MOBFWQ6BYYV3FCU7.SEARCH&ppt=None&ppn=None&ssid=f7k9teys3k0000001690196900955&qH=d6db477051465f9a HTTP/1.1" 200 None
INFO:root:<built-in function strftime> : Product Name = APPLE iPhone 11 (Red, 64 GB)
INFO:root:<built-in function strftime> : Product Price = ₹41,999
INFO:root:<built-in function strftime> : 0. Product Highlights = 64 GB ROM
INFO:root:<built-in function strftime> : 1. Product Highlights = 15.49 cm (6.1 inch) Liquid Retina HD Display
INFO:root:<built-in function strftime> : 2. Product Highlights = 12MP + 12MP | 12MP Front Camera
INFO:root:<built-in function strftime> : 3. Product Highlights = A13 Bionic Chip Processor
INFO:root:<built-in function strftime> : Product Rating = 4.6
INFO:root:<built-in function strftime> : Product User Rating = 5
INFO:root:<built-in function strftime> : Product User Review = Terrific
INFO:root:<built-in function strftime> : Product User Rating = 5
INFO:root:<built-in function strftime> : Product User Review = Classy product
INFO:root:<built-in function strftime> : Product User Rating = 5
INFO:root:<built-in function strftime> : Product User Review = Wonderful
INFO:root:<built-in function strftime> : Product User Rating = 5
INFO:root:<built-in function strftime> : Product User Review = Mind-blowing purchase
INFO:root:<built-in function strftime> : Product User Rating = 5
INFO:root:<built-in function strftime> : Product User Review = Must buy!
INFO:root:<built-in function strftime> : Product User Rating = 5
INFO:root:<built-in function strftime> : Product User Review = Fabulous!
INFO:root:<built-in function strftime> : Product User Rating = 5
INFO:root:<built-in function strftime> : Product User Review = Perfect product!
INFO:root:<built-in function strftime> : Product User Rating = 5
INFO:root:<built-in function strftime> : Product User Review = Just wow!
INFO:root:<built-in function strftime> : Product User Rating = 5
INFO:root:<built-in function strftime> : Product User Review = Best in the market!
INFO:root:<built-in function strftime> : Product User Rating = 5
INFO:root:<built-in function strftime> : Product User Review = Worth every penny
DEBUG:urllib3.connectionpool:Starting new HTTPS connection (1): www.flipkart.com:443
DEBUG:urllib3.connectionpool:https://www.flipkart.com:443 "GET /apple-iphone-11-pro-max-silver-256-gb/p/itm90a95d4c7bfb4?pid=MOBFKCTSVH4EWXBV&lid=LSTMOBFKCTSVH4EWXBVDOFYMD&marketplace=FLIPKART&q=iphone11&store=tyy%2F4io&srno=s_1_15&otracker=search&fm=organic&iid=cb50692b-40f0-4c05-b86c-d55453c4e9ba.MOBFKCTSVH4EWXBV.SEARCH&ppt=None&ppn=None&ssid=f7k9teys3k0000001690196900955&qH=d6db477051465f9a HTTP/1.1" 200 None
INFO:root:<built-in function strftime> : Product Name = APPLE iPhone 11 Pro Max (Silver, 256 GB)
INFO:root:<built-in function strftime> : Product Price = ₹1,31,900
INFO:root:<built-in function strftime> : 0. Product Highlights = 256 GB ROM
INFO:root:<built-in function strftime> : 1. Product Highlights = 16.51 cm (6.5 inch) Super Retina XDR Display
INFO:root:<built-in function strftime> : 2. Product Highlights = 12MP + 12MP + 12MP | 12MP Front Camera
INFO:root:<built-in function strftime> : 3. Product Highlights = A13 Bionic Chip Processor
INFO:root:<built-in function strftime> : Product Rating = 4.7
INFO:root:<built-in function strftime> : Product User Rating = 5
INFO:root:<built-in function strftime> : Product User Review = Highly recommended
INFO:root:<built-in function strftime> : Product User Rating = 5
INFO:root:<built-in function strftime> : Product User Review = Worth every penny
INFO:root:<built-in function strftime> : Product User Rating = 4
INFO:root:<built-in function strftime> : Product User Review = Good quality product
INFO:root:<built-in function strftime> : Product User Rating = 5
INFO:root:<built-in function strftime> : Product User Review = Perfect product!
INFO:root:<built-in function strftime> : Product User Rating = 5
INFO:root:<built-in function strftime> : Product User Review = Worth every penny
INFO:root:<built-in function strftime> : Product User Rating = 5
INFO:root:<built-in function strftime> : Product User Review = Must buy!
INFO:root:<built-in function strftime> : Product User Rating = 5
INFO:root:<built-in function strftime> : Product User Review = Terrific purchase
INFO:root:<built-in function strftime> : Product User Rating = 5
INFO:root:<built-in function strftime> : Product User Review = Super!
INFO:root:<built-in function strftime> : Product User Rating = 5
INFO:root:<built-in function strftime> : Product User Review = Must buy!
INFO:root:<built-in function strftime> : Product User Rating = 5
INFO:root:<built-in function strftime> : Product User Review = Mind-blowing purchase
DEBUG:urllib3.connectionpool:Starting new HTTPS connection (1): www.flipkart.com:443
DEBUG:urllib3.connectionpool:https://www.flipkart.com:443 "GET /apple-iphone-11-pro-max-space-grey-256-gb/p/itm2b63a650e32f7?pid=MOBFKCTSSXTRZZJD&lid=LSTMOBFKCTSSXTRZZJDH1HTO4&marketplace=FLIPKART&q=iphone11&store=tyy%2F4io&srno=s_1_16&otracker=search&fm=organic&iid=cb50692b-40f0-4c05-b86c-d55453c4e9ba.MOBFKCTSSXTRZZJD.SEARCH&ppt=None&ppn=None&ssid=f7k9teys3k0000001690196900955&qH=d6db477051465f9a HTTP/1.1" 200 None
INFO:root:<built-in function strftime> : Product Name = APPLE iPhone 11 Pro Max (Space Grey, 256 GB)
INFO:root:<built-in function strftime> : Product Price = ₹1,31,900
INFO:root:<built-in function strftime> : 0. Product Highlights = 256 GB ROM
INFO:root:<built-in function strftime> : 1. Product Highlights = 16.51 cm (6.5 inch) Super Retina XDR Display
INFO:root:<built-in function strftime> : 2. Product Highlights = 12MP + 12MP + 12MP | 12MP Front Camera
INFO:root:<built-in function strftime> : 3. Product Highlights = A13 Bionic Chip Processor
INFO:root:<built-in function strftime> : Product Rating = 4.7
INFO:root:<built-in function strftime> : Product User Rating = 5
INFO:root:<built-in function strftime> : Product User Review = Highly recommended
INFO:root:<built-in function strftime> : Product User Rating = 5
INFO:root:<built-in function strftime> : Product User Review = Worth every penny
INFO:root:<built-in function strftime> : Product User Rating = 4
INFO:root:<built-in function strftime> : Product User Review = Good quality product
INFO:root:<built-in function strftime> : Product User Rating = 5
INFO:root:<built-in function strftime> : Product User Review = Perfect product!
INFO:root:<built-in function strftime> : Product User Rating = 5
INFO:root:<built-in function strftime> : Product User Review = Worth every penny
INFO:root:<built-in function strftime> : Product User Rating = 5
INFO:root:<built-in function strftime> : Product User Review = Must buy!
INFO:root:<built-in function strftime> : Product User Rating = 5
INFO:root:<built-in function strftime> : Product User Review = Super!
INFO:root:<built-in function strftime> : Product User Rating = 5
INFO:root:<built-in function strftime> : Product User Review = Terrific purchase
INFO:root:<built-in function strftime> : Product User Rating = 5
INFO:root:<built-in function strftime> : Product User Review = Must buy!
INFO:root:<built-in function strftime> : Product User Rating = 5
INFO:root:<built-in function strftime> : Product User Review = Mind-blowing purchase
DEBUG:urllib3.connectionpool:Starting new HTTPS connection (1): www.flipkart.com:443
DEBUG:urllib3.connectionpool:https://www.flipkart.com:443 "GET /apple-iphone-11-pro-max-gold-64-gb/p/itm6ef18218efdf6?pid=MOBFKCTSAPAYNSGG&lid=LSTMOBFKCTSAPAYNSGGQSSR46&marketplace=FLIPKART&q=iphone11&store=tyy%2F4io&srno=s_1_17&otracker=search&fm=organic&iid=cb50692b-40f0-4c05-b86c-d55453c4e9ba.MOBFKCTSAPAYNSGG.SEARCH&ppt=None&ppn=None&ssid=f7k9teys3k0000001690196900955&qH=d6db477051465f9a HTTP/1.1" 200 None
INFO:root:<built-in function strftime> : Product Name = APPLE iPhone 11 Pro Max (Gold, 64 GB)
INFO:root:<built-in function strftime> : Product Price = ₹95,699
INFO:root:<built-in function strftime> : 0. Product Highlights = 64 GB ROM
INFO:root:<built-in function strftime> : 1. Product Highlights = 16.51 cm (6.5 inch) Super Retina XDR Display
INFO:root:<built-in function strftime> : 2. Product Highlights = 12MP + 12MP + 12MP | 12MP Front Camera
INFO:root:<built-in function strftime> : 3. Product Highlights = A13 Bionic Chip Processor
INFO:root:<built-in function strftime> : Product Rating = 4.7
INFO:root:<built-in function strftime> : Product User Rating = 5
INFO:root:<built-in function strftime> : Product User Review = Highly recommended
INFO:root:<built-in function strftime> : Product User Rating = 5
INFO:root:<built-in function strftime> : Product User Review = Worth every penny
INFO:root:<built-in function strftime> : Product User Rating = 4
INFO:root:<built-in function strftime> : Product User Review = Good quality product
INFO:root:<built-in function strftime> : Product User Rating = 5
INFO:root:<built-in function strftime> : Product User Review = Perfect product!
INFO:root:<built-in function strftime> : Product User Rating = 5
INFO:root:<built-in function strftime> : Product User Review = Worth every penny
INFO:root:<built-in function strftime> : Product User Rating = 5
INFO:root:<built-in function strftime> : Product User Review = Must buy!
INFO:root:<built-in function strftime> : Product User Rating = 5
INFO:root:<built-in function strftime> : Product User Review = Terrific purchase
INFO:root:<built-in function strftime> : Product User Rating = 5
INFO:root:<built-in function strftime> : Product User Review = Super!
INFO:root:<built-in function strftime> : Product User Rating = 5
INFO:root:<built-in function strftime> : Product User Review = Must buy!
INFO:root:<built-in function strftime> : Product User Rating = 5
INFO:root:<built-in function strftime> : Product User Review = Mind-blowing purchase
DEBUG:urllib3.connectionpool:Starting new HTTPS connection (1): www.flipkart.com:443
DEBUG:urllib3.connectionpool:https://www.flipkart.com:443 "GET /apple-iphone-11-pro-max-midnight-green-256-gb/p/itm68e0db18f9ecc?pid=MOBFKCTSCAAKGQV7&lid=LSTMOBFKCTSCAAKGQV7U5QXV6&marketplace=FLIPKART&q=iphone11&store=tyy%2F4io&srno=s_1_18&otracker=search&fm=organic&iid=cb50692b-40f0-4c05-b86c-d55453c4e9ba.MOBFKCTSCAAKGQV7.SEARCH&ppt=None&ppn=None&ssid=f7k9teys3k0000001690196900955&qH=d6db477051465f9a HTTP/1.1" 200 None
INFO:root:<built-in function strftime> : Product Name = APPLE iPhone 11 Pro Max (Midnight Green, 256 GB)
INFO:root:<built-in function strftime> : Product Price = ₹1,01,999
INFO:root:<built-in function strftime> : 0. Product Highlights = 256 GB ROM
INFO:root:<built-in function strftime> : 1. Product Highlights = 16.51 cm (6.5 inch) Super Retina XDR Display
INFO:root:<built-in function strftime> : 2. Product Highlights = 12MP + 12MP + 12MP | 12MP Front Camera
INFO:root:<built-in function strftime> : 3. Product Highlights = A13 Bionic Chip Processor
INFO:root:<built-in function strftime> : Product Rating = 4.7
INFO:root:<built-in function strftime> : Product User Rating = 5
INFO:root:<built-in function strftime> : Product User Review = Highly recommended
INFO:root:<built-in function strftime> : Product User Rating = 5
INFO:root:<built-in function strftime> : Product User Review = Worth every penny
INFO:root:<built-in function strftime> : Product User Rating = 4
INFO:root:<built-in function strftime> : Product User Review = Good quality product
INFO:root:<built-in function strftime> : Product User Rating = 5
INFO:root:<built-in function strftime> : Product User Review = Perfect product!
INFO:root:<built-in function strftime> : Product User Rating = 5
INFO:root:<built-in function strftime> : Product User Review = Worth every penny
INFO:root:<built-in function strftime> : Product User Rating = 5
INFO:root:<built-in function strftime> : Product User Review = Must buy!
INFO:root:<built-in function strftime> : Product User Rating = 5
INFO:root:<built-in function strftime> : Product User Review = Super!
INFO:root:<built-in function strftime> : Product User Rating = 5
INFO:root:<built-in function strftime> : Product User Review = Terrific purchase
INFO:root:<built-in function strftime> : Product User Rating = 5
INFO:root:<built-in function strftime> : Product User Review = Must buy!
INFO:root:<built-in function strftime> : Product User Rating = 5
INFO:root:<built-in function strftime> : Product User Review = Mind-blowing purchase
DEBUG:urllib3.connectionpool:Starting new HTTPS connection (1): www.flipkart.com:443
DEBUG:urllib3.connectionpool:https://www.flipkart.com:443 "GET /apple-iphone-11-pro-max-silver-64-gb/p/itm9cd54210a8047?pid=MOBFKCTSTETGYFKZ&lid=LSTMOBFKCTSTETGYFKZZHWDT6&marketplace=FLIPKART&q=iphone11&store=tyy%2F4io&srno=s_1_19&otracker=search&fm=organic&iid=cb50692b-40f0-4c05-b86c-d55453c4e9ba.MOBFKCTSTETGYFKZ.SEARCH&ppt=None&ppn=None&ssid=f7k9teys3k0000001690196900955&qH=d6db477051465f9a HTTP/1.1" 200 None
INFO:root:<built-in function strftime> : Product Name = APPLE iPhone 11 Pro Max (Silver, 64 GB)
INFO:root:<built-in function strftime> : Product Price = ₹95,699
INFO:root:<built-in function strftime> : 0. Product Highlights = 64 GB ROM
INFO:root:<built-in function strftime> : 1. Product Highlights = 16.51 cm (6.5 inch) Super Retina XDR Display
INFO:root:<built-in function strftime> : 2. Product Highlights = 12MP + 12MP + 12MP | 12MP Front Camera
INFO:root:<built-in function strftime> : 3. Product Highlights = A13 Bionic Chip Processor
INFO:root:<built-in function strftime> : Product Rating = 4.7
INFO:root:<built-in function strftime> : Product User Rating = 5
INFO:root:<built-in function strftime> : Product User Review = Highly recommended
INFO:root:<built-in function strftime> : Product User Rating = 5
INFO:root:<built-in function strftime> : Product User Review = Worth every penny
INFO:root:<built-in function strftime> : Product User Rating = 4
INFO:root:<built-in function strftime> : Product User Review = Good quality product
INFO:root:<built-in function strftime> : Product User Rating = 5
INFO:root:<built-in function strftime> : Product User Review = Perfect product!
INFO:root:<built-in function strftime> : Product User Rating = 5
INFO:root:<built-in function strftime> : Product User Review = Worth every penny
INFO:root:<built-in function strftime> : Product User Rating = 5
INFO:root:<built-in function strftime> : Product User Review = Must buy!
INFO:root:<built-in function strftime> : Product User Rating = 5
INFO:root:<built-in function strftime> : Product User Review = Super!
INFO:root:<built-in function strftime> : Product User Rating = 5
INFO:root:<built-in function strftime> : Product User Review = Terrific purchase
INFO:root:<built-in function strftime> : Product User Rating = 5
INFO:root:<built-in function strftime> : Product User Review = Must buy!
INFO:root:<built-in function strftime> : Product User Rating = 5
INFO:root:<built-in function strftime> : Product User Review = Mind-blowing purchase
DEBUG:urllib3.connectionpool:Starting new HTTPS connection (1): www.flipkart.com:443
DEBUG:urllib3.connectionpool:https://www.flipkart.com:443 "GET /apple-iphone-11-yellow-128-gb/p/itm7030edc9e100e?pid=MOBFWQ6BWTSBJSHY&lid=LSTMOBFWQ6BWTSBJSHYXWKEX2&marketplace=FLIPKART&q=iphone11&store=tyy%2F4io&srno=s_1_20&otracker=search&fm=organic&iid=cb50692b-40f0-4c05-b86c-d55453c4e9ba.MOBFWQ6BWTSBJSHY.SEARCH&ppt=None&ppn=None&ssid=f7k9teys3k0000001690196900955&qH=d6db477051465f9a HTTP/1.1" 200 None
INFO:root:<built-in function strftime> : Product Name = APPLE iPhone 11 (Yellow, 128 GB)
INFO:root:<built-in function strftime> : Product Price = ₹46,999
INFO:root:<built-in function strftime> : 0. Product Highlights = 128 GB ROM
INFO:root:<built-in function strftime> : 1. Product Highlights = 15.49 cm (6.1 inch) Liquid Retina HD Display
INFO:root:<built-in function strftime> : 2. Product Highlights = 12MP + 12MP | 12MP Front Camera
INFO:root:<built-in function strftime> : 3. Product Highlights = A13 Bionic Chip Processor
INFO:root:<built-in function strftime> : Product Rating = 4.6
INFO:root:<built-in function strftime> : Product User Rating = 5
INFO:root:<built-in function strftime> : Product User Review = Terrific
INFO:root:<built-in function strftime> : Product User Rating = 5
INFO:root:<built-in function strftime> : Product User Review = Classy product
INFO:root:<built-in function strftime> : Product User Rating = 5
INFO:root:<built-in function strftime> : Product User Review = Brilliant
INFO:root:<built-in function strftime> : Product User Rating = 5
INFO:root:<built-in function strftime> : Product User Review = Wonderful
INFO:root:<built-in function strftime> : Product User Rating = 5
INFO:root:<built-in function strftime> : Product User Review = Must buy!
INFO:root:<built-in function strftime> : Product User Rating = 5
INFO:root:<built-in function strftime> : Product User Review = Just wow!
INFO:root:<built-in function strftime> : Product User Rating = 5
INFO:root:<built-in function strftime> : Product User Review = Perfect product!
INFO:root:<built-in function strftime> : Product User Rating = 5
INFO:root:<built-in function strftime> : Product User Review = Mind-blowing purchase
INFO:root:<built-in function strftime> : Product User Rating = 5
INFO:root:<built-in function strftime> : Product User Review = Fabulous!
INFO:root:<built-in function strftime> : Product User Rating = 5
INFO:root:<built-in function strftime> : Product User Review = Best in the market!
DEBUG:urllib3.connectionpool:Starting new HTTPS connection (1): www.flipkart.com:443
DEBUG:urllib3.connectionpool:https://www.flipkart.com:443 "GET /apple-iphone-11-pro-space-grey-256-gb/p/itmbecef22a95790?pid=MOBFKCTSWGYSAS9X&lid=LSTMOBFKCTSWGYSAS9X2RHASU&marketplace=FLIPKART&q=iphone11&store=tyy%2F4io&srno=s_1_21&otracker=search&fm=organic&iid=cb50692b-40f0-4c05-b86c-d55453c4e9ba.MOBFKCTSWGYSAS9X.SEARCH&ppt=None&ppn=None&ssid=f7k9teys3k0000001690196900955&qH=d6db477051465f9a HTTP/1.1" 200 None
INFO:root:<built-in function strftime> : Product Name = APPLE iPhone 11 Pro (Space Grey, 256 GB)
INFO:root:<built-in function strftime> : Product Price = ₹1,00,699
INFO:root:<built-in function strftime> : 0. Product Highlights = 256 GB ROM
INFO:root:<built-in function strftime> : 1. Product Highlights = 14.73 cm (5.8 inch) Super Retina XDR Display
INFO:root:<built-in function strftime> : 2. Product Highlights = 12MP + 12MP + 12MP | 12MP Front Camera
INFO:root:<built-in function strftime> : 3. Product Highlights = A13 Bionic Chip Processor
DEBUG:urllib3.connectionpool:Starting new HTTPS connection (1): www.flipkart.com:443
DEBUG:urllib3.connectionpool:https://www.flipkart.com:443 "GET /apple-iphone-11-pro-gold-512-gb/p/itm29ba3b4eeb4d5?pid=MOBFKCTS7CGXBRYE&lid=LSTMOBFKCTS7CGXBRYEVDPFSF&marketplace=FLIPKART&q=iphone11&store=tyy%2F4io&srno=s_1_22&otracker=search&fm=organic&iid=cb50692b-40f0-4c05-b86c-d55453c4e9ba.MOBFKCTS7CGXBRYE.SEARCH&ppt=None&ppn=None&ssid=f7k9teys3k0000001690196900955&qH=d6db477051465f9a HTTP/1.1" 200 None
INFO:root:<built-in function strftime> : Product Name = APPLE iPhone 11 Pro (Gold, 512 GB)
INFO:root:<built-in function strftime> : Product Price = ₹1,40,300
INFO:root:<built-in function strftime> : 0. Product Highlights = 512 GB ROM
INFO:root:<built-in function strftime> : 1. Product Highlights = 14.73 cm (5.8 inch) Super Retina XDR Display
INFO:root:<built-in function strftime> : 2. Product Highlights = 12MP + 12MP + 12MP | 12MP Front Camera
INFO:root:<built-in function strftime> : 3. Product Highlights = A13 Bionic Chip Processor
DEBUG:urllib3.connectionpool:Starting new HTTPS connection (1): www.flipkart.com:443
DEBUG:urllib3.connectionpool:https://www.flipkart.com:443 "GET /apple-iphone-11-pro-silver-512-gb/p/itmb5a9e1ed61050?pid=MOBFKCTSGSPD57DD&lid=LSTMOBFKCTSGSPD57DDNXGVJ7&marketplace=FLIPKART&q=iphone11&store=tyy%2F4io&srno=s_1_23&otracker=search&fm=organic&iid=cb50692b-40f0-4c05-b86c-d55453c4e9ba.MOBFKCTSGSPD57DD.SEARCH&ppt=None&ppn=None&ssid=f7k9teys3k0000001690196900955&qH=d6db477051465f9a HTTP/1.1" 200 None
INFO:root:<built-in function strftime> : Product Name = APPLE iPhone 11 Pro (Silver, 512 GB)
INFO:root:<built-in function strftime> : Product Price = ₹1,40,300
INFO:root:<built-in function strftime> : 0. Product Highlights = 512 GB ROM
INFO:root:<built-in function strftime> : 1. Product Highlights = 14.73 cm (5.8 inch) Super Retina XDR Display
INFO:root:<built-in function strftime> : 2. Product Highlights = 12MP + 12MP + 12MP | 12MP Front Camera
INFO:root:<built-in function strftime> : 3. Product Highlights = A13 Bionic Chip Processor
INFO:root:<built-in function strftime> : Product Rating = 4.6
INFO:root:<built-in function strftime> : Product User Rating = 5
INFO:root:<built-in function strftime> : Product User Review = Worth every penny
INFO:root:<built-in function strftime> : Product User Rating = 5
INFO:root:<built-in function strftime> : Product User Review = Terrific purchase
INFO:root:<built-in function strftime> : Product User Rating = 5
INFO:root:<built-in function strftime> : Product User Review = Wonderful
INFO:root:<built-in function strftime> : Product User Rating = 5
INFO:root:<built-in function strftime> : Product User Review = Excellent
INFO:root:<built-in function strftime> : Product User Rating = 5
INFO:root:<built-in function strftime> : Product User Review = Just wow!
INFO:root:<built-in function strftime> : Product User Rating = 5
INFO:root:<built-in function strftime> : Product User Review = Fabulous!
INFO:root:<built-in function strftime> : Product User Rating = 5
INFO:root:<built-in function strftime> : Product User Review = Highly recommended
INFO:root:<built-in function strftime> : Product User Rating = 5
INFO:root:<built-in function strftime> : Product User Review = Great product
INFO:root:<built-in function strftime> : Product User Rating = 5
INFO:root:<built-in function strftime> : Product User Review = Classy product
INFO:root:<built-in function strftime> : Product User Rating = 5
INFO:root:<built-in function strftime> : Product User Review = Super!
DEBUG:urllib3.connectionpool:Starting new HTTPS connection (1): www.flipkart.com:443
DEBUG:urllib3.connectionpool:https://www.flipkart.com:443 "GET /apple-iphone-11-pro-silver-256-gb/p/itm08eae2709cac6?pid=MOBFKCTST7PU7BWR&lid=LSTMOBFKCTST7PU7BWRBXWA4X&marketplace=FLIPKART&q=iphone11&store=tyy%2F4io&srno=s_1_24&otracker=search&fm=organic&iid=cb50692b-40f0-4c05-b86c-d55453c4e9ba.MOBFKCTST7PU7BWR.SEARCH&ppt=None&ppn=None&ssid=f7k9teys3k0000001690196900955&qH=d6db477051465f9a HTTP/1.1" 200 None
INFO:root:<built-in function strftime> : Product Name = APPLE iPhone 11 Pro (Silver, 256 GB)
INFO:root:<built-in function strftime> : Product Price = ₹1,00,699
INFO:root:<built-in function strftime> : 0. Product Highlights = 256 GB ROM
INFO:root:<built-in function strftime> : 1. Product Highlights = 14.73 cm (5.8 inch) Super Retina XDR Display
INFO:root:<built-in function strftime> : 2. Product Highlights = 12MP + 12MP + 12MP | 12MP Front Camera
INFO:root:<built-in function strftime> : 3. Product Highlights = A13 Bionic Chip Processor
INFO:root:<built-in function strftime> : Product Rating = 4.6
INFO:root:<built-in function strftime> : Product User Rating = 5
INFO:root:<built-in function strftime> : Product User Review = Worth every penny
INFO:root:<built-in function strftime> : Product User Rating = 5
INFO:root:<built-in function strftime> : Product User Review = Terrific purchase
INFO:root:<built-in function strftime> : Product User Rating = 5
INFO:root:<built-in function strftime> : Product User Review = Wonderful
INFO:root:<built-in function strftime> : Product User Rating = 5
INFO:root:<built-in function strftime> : Product User Review = Excellent
INFO:root:<built-in function strftime> : Product User Rating = 5
INFO:root:<built-in function strftime> : Product User Review = Just wow!
INFO:root:<built-in function strftime> : Product User Rating = 5
INFO:root:<built-in function strftime> : Product User Review = Fabulous!
INFO:root:<built-in function strftime> : Product User Rating = 5
INFO:root:<built-in function strftime> : Product User Review = Highly recommended
INFO:root:<built-in function strftime> : Product User Rating = 5
INFO:root:<built-in function strftime> : Product User Review = Great product
INFO:root:<built-in function strftime> : Product User Rating = 5
INFO:root:<built-in function strftime> : Product User Review = Classy product
INFO:root:<built-in function strftime> : Product User Rating = 5
INFO:root:<built-in function strftime> : Product User Review = Super!
INFO:werkzeug:127.0.0.1 - - [24/Jul/2023 16:38:47] "POST /result HTTP/1.1" 200 -
INFO:werkzeug: * Detected change in 'c:\\Users\\dushy\\VS Code\\Flipkart Review Scrapper\\app.py', reloading
